


 $$$$$   $$$   $      $$$  $$$$    $$$   $$$$$     $    $$$    $$$ 
 $      $   $  $       $   $   $  $   $  $        $$   $   $  $   $
 $      $      $       $   $   $  $      $         $   $   $  $   $
 $$$$   $      $       $   $$$$    $$$   $$$$      $   $   $  $   $
 $      $      $       $   $          $  $         $   $   $  $   $
 $      $   $  $       $   $      $   $  $         $   $   $  $   $
 $$$$$   $$$   $$$$$  $$$  $       $$$   $$$$$    $$$   $$$    $$$ 



                       $$$$$   $$$   $      $$$  $$$$    $$$   $$$$$     $    $$$    $$$ 
                       $      $   $  $       $   $   $  $   $  $        $$   $   $  $   $
                       $      $      $       $   $   $  $      $         $   $   $  $   $
                       $$$$   $      $       $   $$$$    $$$   $$$$      $   $   $  $   $
                       $      $      $       $   $          $  $         $   $   $  $   $
                       $      $   $  $       $   $      $   $  $         $   $   $  $   $
                       $$$$$   $$$   $$$$$  $$$  $       $$$   $$$$$    $$$   $$$    $$$ 



                                             $$$$$   $$$   $      $$$  $$$$    $$$   $$$$$     $    $$$    $$$ 
                                             $      $   $  $       $   $   $  $   $  $        $$   $   $  $   $
                                             $      $      $       $   $   $  $      $         $   $   $  $   $
                                             $$$$   $      $       $   $$$$    $$$   $$$$      $   $   $  $   $
                                             $      $      $       $   $          $  $         $   $   $  $   $
                                             $      $   $  $       $   $      $   $  $         $   $   $  $   $
                                             $$$$$   $$$   $$$$$  $$$  $       $$$   $$$$$    $$$   $$$    $$$ 



                                                                   $$$$$   $$$   $      $$$  $$$$    $$$   $$$$$     $    $$$    $$$ 
                                                                   $      $   $  $       $   $   $  $   $  $        $$   $   $  $   $
                                                                   $      $      $       $   $   $  $      $         $   $   $  $   $
                                                                   $$$$   $      $       $   $$$$    $$$   $$$$      $   $   $  $   $
                                                                   $      $      $       $   $          $  $         $   $   $  $   $
                                                                   $      $   $  $       $   $      $   $  $         $   $   $  $   $
                                                                   $$$$$   $$$   $$$$$  $$$  $       $$$   $$$$$    $$$   $$$    $$$ 
 
 Version =  2009.1
 Arch    =  PC WINDOWS (32 bit)
Annex    | Modification date    | Update date          | baseline             
=====    | =================    | ===========          | ========             
ECLIPSE  | 27-APR-2009 16:22:47 | 27-APR-2009 19:37:10 | S:\2009.1_w18i
system   | 22-APR-2009 14:52:01 | 25-APR-2009 05:27:35 | S:\2009.1_w18
utility  | 17-FEB-2009 08:34:11 | 25-APR-2009 05:40:00 | S:\2009.1_w18
 

1

 ******** ECHO OF INPUT DATA FOR RUN UDA_E100

 0: -- =====================================================================
 0: -- A 5000 3D3P PROBLEM
 0: -- =====================================================================
 0: --DEBUG
 0: --1 1 1 1 1 1 1 1 1 1
 0: --1 1 1 1 1 1 1 1 1 1
 0: --1 1 1 1 1 1 1 1 5 1 /
 0: -- This data tests user defined argument facility in E100.
 0: -- This functionality enables users to define argument quantities for SCHEDULE section keyword.
 0: -- The following arguments can be specified now by user defined quantities (UDQ):
 0: -- WCONPROD, WCONINJE, WELLSTRE, WECON, GCONPROD, GCONINJE
 0: RUNSPEC
 0: TITLE
 0:    3D3P 5000 CELLS
 0: 
 0: DIMENS
 0:    30   34    5  /
 0: 
 0: UDQDIMS
 0:  12 12 12 15 12 12 12 12 12 /
 0: 
 0: UDADIMS
 0:  20 20 10 10 10 10 10 10 10 10/
 0: UDQPARAM
 0: 2* 6500 /
 0: 
 0: 
 0: FMTOUT
 0: --MULTOUT
 0: NONNC
 0: 
 0: OIL
 0: 
 0: WATER
 0: 
 0: GAS
 0: 
 0: DISGAS
 0: 
 0: FIELD
 0: 
 0: EQLDIMS
 0:     1  100   10    1    1 /
 0: 
 0: TABDIMS
 0:     1    1   16   12    1   12 /
 0: 
 0: WELLDIMS
 0:    24    8    2   24 /
 0: 
 0: NUPCOL
 0:     4 /
 0: 
 0: START
 0:    1 'JAN' 1986  /
 0: 
 0: NSTACK
 0:    24 /
 0: 
 0: GRID    ================================================================
 0: 
 0: NOGGF
 0: 
 0: --     ARRAY  VALUE     ------- BOX ------
 0: 
 0: EQUALS
 0:       'DX'     700      /
 0:       'DY'     700      /
 0:       'PORO'  0.2       /
 0:       'PERMX' 500       /
 0:       'TOPS'  5000      1  30  1  34  1  1  /
 0: 
 0:       'DZ'    50        1  30  1  34  1  4  /
 0:       'DZ'   100        1  30  1  34  5  5  /
 0: 
 0:       'PORO' 0.0       29  30  1  34  1  1 /
 0:       'PORO' 0.0       28  28  1  16  1  1 /
 0:       'PORO' 0.0       28  28  19 34  1  1 /
 0: 
 0: /       EQUALS IS TERMINATED BY A NULL RECORD
 0: 
 0: -- THE Y AND Z DIRECTION PERMEABILITIES ARE COPIED FROM PERMX
 0: --    SOURCE  DESTINATION  ------- BOX ------
 0: COPY
 0:       'PERMX'    'PERMY'   /
 0:       'PERMX'    'PERMZ'   /
 0: /
 0: 
 0: MULTIPLY
 0:   'PERMZ' 0.1 /
 0:   /
 0: 
 0: 
 0: 
 0: PROPS   ***************************************************************
 0: 
 0: 
 0: SWFN
 0:     .25       .00       .0
 0:     .75       .80       .0
 0:    1.0       1.0        .0
 0:   /
 0: 
 0: SOF3
 0:     .00       .00    .00
 0:     .25       .00    .00
 0:     .75      0.8     .80
 0:   /
 0: 
 0: SGFN
 0:     .00       .00    .0
 0:     .05       .00    .0
 0:     .75      1.00    .0
 0:   /
 0: 
 0: RPTPROPS
 0:    /
 0: 
 0: DENSITY
 0:         49.94    62.43    0.061    /
 0: 
 0: ROCK
 0:         4000   4.0E-6   /
 0: 
 0: PVTW
 0:         4000   1.00    3.0E-6     0.50   0   /
 0: 
 0: PVTO
 0: 0.165   400  1.012   .40  /
 0: 0.335   800  1.0255  .39  /
 0: 0.500  1200  1.038   .38  /
 0: 0.665  1600  1.051   .37  /
 0: 0.828  2000  1.063   .36  /
 0: 0.985  2400  1.075   .35  /
 0: 1.130  2800  1.087   .34
 0:        3200  1.080   .35
 0:        3600  1.074   .36
 0:        4000  1.068   .37
 0:        4400  1.062   .38  /
 0: /
 0: 
 0: PVDG
 0:  400  5.90  0.013
 0:  800  2.95  0.0135
 0: 1200  1.96  0.014
 0: 1600  1.47  0.0145
 0: 2000  1.18  0.015
 0: 2400  0.98  0.0155
 0: 2800  0.84  0.016
 0: 3200  0.74  0.0165
 0: 3600  0.65  0.017
 0: 4000  0.56  0.0175
 0: 4400  0.51  0.018
 0: /
 0: 
 0: 
 0: SOLUTION  *************************************************************
 0: 
 0: EQUIL      1 TABLES   10 NODES IN EACH           FIELD   23:34 15 SEP 85
 0:   5040.0 3600.00 5200.00  .00000 4040.00  .00000     1      0       0 /
 0: 
 0: RSVD
 0: 4000 1.13
 0: 6000 1.13 /
 0: 
 0: 
 0: 
 0: SUMMARY
 0: 
 0: FU_MIN
 0: FU_MAX
 0: FU_AVEA
 0: 
 0: 
 0: GOPR
 0: G1
 0: G2
 0: /
 0: 
 0: 
 0: WOPR
 0: P12
 0: P16
 0: P20
 0: P24
 0: /
 0: 
 0: FUGWRAT
 0: GWPR
 0:   G1
 0:   G2
 0: /
 0: 
 0: FUGGRAT
 0: GGPR
 0:   G1
 0:   G2
 0: /
 0: 
 0: FUGLRAT
 0: GLPR
 0:   G1
 0:   G2
 0: /
 0: 
 0: FPR
 0: FOPR
 0: 
 0: 
 0: RPTONLY
 0: ALL
 0: SEPARATE
 0: RUNSUM
 0: 
 0: SCHEDULE ===============================================================
 0: RPTSCHED
 0: WELLS=3 'CPU=2'/
 0: WELSPECS
 0:     'P12'      'G1'    10 12   1*   'OIL'  /
 0:     'P16'      'G1'    10 16   1*   'OIL'  /
 0:     'P20'      'G2'    10 20   1*   'OIL'  /
 0:     'P24'      'G2'    10 24   1*   'OIL'  /
 0: /
 0: 
 0: 
 0: UDQ
 0: ASSIGN FU_OR1 21000 /
 0: ASSIGN FU_OR2 22000 /
 0: DEFINE FU_MIN MIN(GOPR) /
 0: DEFINE FU_MAX MAX(GOPR) /
 0: DEFINE FU_SUM SUM(GOPR)/2 /
 0: DEFINE FU_AVEA AVEA(GOPR) /
 0: 
 0: DEFINE FUGWRAT MIN(GWPR) /
 0: DEFINE FUGLRAT MIN(GLPR) /
 0: DEFINE FUGGRAT MIN(GGPR) /
 0: ASSIGN FU_OR5  19000 /
 0: /
 0: 
 0: 
 0: DRSDT
 0: 0.0 /
 0: 
 0: COMPDAT
 0:     'P*' 2*  3  3 'OPEN' 0   -1   0.5  /
 0:     /
 0: 
 0: WCONPROD
 0:  'P1*' 'OPEN' 'GRUP' 20000 4* 1000   /
 0:  'P2*' 'OPEN' 'GRUP' 10000 4*  1000 /
 0:   /
 0: 
 0: 
 0: GCONPROD
 0: 'G1' 'ORAT' FU_OR1 /
 0: 'G2' 'ORAT' FU_OR2  /
 0: /
 0: TSTEP
 0: 5*20 /
 0: 
 0: GCONPROD
 0: 'G*' 'ORAT' FU_MIN /
 0: /
 0: TSTEP
 0: 5*20 /
 0: 
 0: 
 0: GCONPROD
 0: 'G1' 'ORAT' FU_OR5 /
 0: /
 0: TSTEP
 0: 5*20 /
 0: 
 0: 
 0: GCONPROD
 0: 'G1' 'ORAT' FU_AVEA /
 0: /
 0: TSTEP
 0: 5*20 /
 0: 
 0: GCONPROD
 0: 'G1' 'ORAT' FU_MAX /
 0: /
 0: TSTEP
 0: 5*20 /
 0: 
 0: 
 0: GCONPROD
 0: 'G*' 'WRAT' 1* FUGWRAT /
 0: /
 0: 
 0: TSTEP
 0: 5*20 /
 0: 
 0: GCONPROD
 0: 'G*' 'GRAT' 2* FUGGRAT /
 0: /
 0: 
 0: TSTEP
 0: 5*20 /
 0: 
 0: 
 0: GCONPROD
 0: 'G*' 'LRAT' 3* FUGLRAT /
 0: /
 0: 
 0: TSTEP
 0: 5*20 /
 0: 
 0: END
 0: 

 ******** END OF INPUT DATA FOR RUN UDA_E100
     1 READING RUNSPEC 
     2 READING TITLE   
     3 READING DIMENS  
     4 READING UDQDIMS 
     5 READING UDADIMS 
     6 READING UDQPARAM
     7 READING FMTOUT  
     8 READING NONNC   
     9 READING OIL     
    10 READING WATER   
    11 READING GAS     
    12 READING DISGAS  
    13 READING FIELD   
    14 READING EQLDIMS 
    15 READING TABDIMS 
    16 READING WELLDIMS
    17 READING NUPCOL  
    18 READING START   
    19 READING NSTACK  
    20 READING GRID    

 @--MESSAGE  AT TIME        0.0   DAYS    ( 1-JAN-1986):
 @           CHECKING FOR LICENSES                                           

 @--MESSAGE  AT TIME        0.0   DAYS    ( 1-JAN-1986):
 @           THE MEMORY REQUIRED TO PROCESS THE GRID SECTION IS              
 @                 1968 KBYTES                                               
    21 READING NOGGF   
    22 READING EQUALS  
    23 READING COPY    
    24 READING MULTIPLY
    25 READING PROPS   

 @--MESSAGE  AT TIME        0.0   DAYS    ( 1-JAN-1986):
 @           UNSPECIFIED TOPS VALUES OBTAINED BY ADDING DZ                   
 @           TO TOPS VALUE FOR LAYER ABOVE                                   

 @--MESSAGE  AT TIME        0.0   DAYS    ( 1-JAN-1986):
 @           NEITHER OLDTRAN,OLDTRANR NOR NEWTRAN SPECIFIED                  
 @           BLOCK CENTRE TRANSMISSIBILITIES TO BE CALCULATED                
 @           USING  OLDTRAN                                                  

 @--MESSAGE  AT TIME        0.0   DAYS    ( 1-JAN-1986):
 @           NUMBER OF ACTIVE CELLS IS 5000                                  

 @--MESSAGE  AT TIME        0.0   DAYS    ( 1-JAN-1986):
 @           THE MEMORY REQUIRED TO PROCESS THE SOLUTION SECTION IS          
 @                 7060 KBYTES                                               

 @--MESSAGE  AT TIME        0.0   DAYS    ( 1-JAN-1986):
 @              60302 CHARACTER VARIABLES USED                               
    26 READING SWFN    
    27 READING SOF3    
    28 READING SGFN    
    29 READING RPTPROPS
    30 READING DENSITY 
    31 READING ROCK    
    32 READING PVTW    
    33 READING PVTO    
    34 READING PVDG    
    35 READING SOLUTION
    36 READING EQUIL   
    37 READING RSVD    
    38 READING SUMMARY 
    39 READING FU_MIN  
    40 READING FU_MAX  
    41 READING FU_AVEA 
    42 READING GOPR    
    43 READING WOPR    
    44 READING FUGWRAT 
    45 READING GWPR    
    46 READING FUGGRAT 
    47 READING GGPR    
    48 READING FUGLRAT 
    49 READING GLPR    
    50 READING FPR     
    51 READING FOPR    
    52 READING RPTONLY 
    53 READING ALL     
    54 READING SEPARATE
    55 READING RUNSUM  
    56 READING SCHEDULE
    57 READING RPTSCHED
    58 READING WELSPECS
    59 READING UDQ     

 @--MESSAGE  AT TIME        0.0   DAYS    ( 1-JAN-1986):
 @           FU_OR1 INITIALISED AS USER DEFINED QUANTITY NO. 1               

 @--MESSAGE  AT TIME        0.0   DAYS    ( 1-JAN-1986):
 @           FU_OR1 ASSIGNMENT PROCESSED. UPDATE STATUS SET TO OFF.          

 @--MESSAGE  AT TIME        0.0   DAYS    ( 1-JAN-1986):
 @           FU_OR2 INITIALISED AS USER DEFINED QUANTITY NO. 2               

 @--MESSAGE  AT TIME        0.0   DAYS    ( 1-JAN-1986):
 @           FU_OR2 ASSIGNMENT PROCESSED. UPDATE STATUS SET TO OFF.          

 @--MESSAGE  AT TIME        0.0   DAYS    ( 1-JAN-1986):
 @           FU_MIN INITIALISED AS USER DEFINED QUANTITY NO. 3               

 @--MESSAGE  AT TIME        0.0   DAYS    ( 1-JAN-1986):
 @           FU_MIN DEFINITION PARSED. UPDATE STATUS SET TO ON.              

 @--MESSAGE  AT TIME        0.0   DAYS    ( 1-JAN-1986):
 @           FU_MAX INITIALISED AS USER DEFINED QUANTITY NO. 4               

 @--MESSAGE  AT TIME        0.0   DAYS    ( 1-JAN-1986):
 @           FU_MAX DEFINITION PARSED. UPDATE STATUS SET TO ON.              

 @--MESSAGE  AT TIME        0.0   DAYS    ( 1-JAN-1986):
 @           FU_SUM INITIALISED AS USER DEFINED QUANTITY NO. 5               

 @--MESSAGE  AT TIME        0.0   DAYS    ( 1-JAN-1986):
 @           FU_SUM DEFINITION PARSED. UPDATE STATUS SET TO ON.              

 @--MESSAGE  AT TIME        0.0   DAYS    ( 1-JAN-1986):
 @           FU_AVEA INITIALISED AS USER DEFINED QUANTITY NO. 6              

 @--MESSAGE  AT TIME        0.0   DAYS    ( 1-JAN-1986):
 @           FU_AVEA DEFINITION PARSED. UPDATE STATUS SET TO ON.             

 @--MESSAGE  AT TIME        0.0   DAYS    ( 1-JAN-1986):
 @           FUGWRAT INITIALISED AS USER DEFINED QUANTITY NO. 7              

 @--MESSAGE  AT TIME        0.0   DAYS    ( 1-JAN-1986):
 @           FUGWRAT DEFINITION PARSED. UPDATE STATUS SET TO ON.             

 @--MESSAGE  AT TIME        0.0   DAYS    ( 1-JAN-1986):
 @           FUGLRAT INITIALISED AS USER DEFINED QUANTITY NO. 8              

 @--MESSAGE  AT TIME        0.0   DAYS    ( 1-JAN-1986):
 @           FUGLRAT DEFINITION PARSED. UPDATE STATUS SET TO ON.             

 @--MESSAGE  AT TIME        0.0   DAYS    ( 1-JAN-1986):
 @           FUGGRAT INITIALISED AS USER DEFINED QUANTITY NO. 9              

 @--MESSAGE  AT TIME        0.0   DAYS    ( 1-JAN-1986):
 @           FUGGRAT DEFINITION PARSED. UPDATE STATUS SET TO ON.             

 @--MESSAGE  AT TIME        0.0   DAYS    ( 1-JAN-1986):
 @           FU_OR5 INITIALISED AS USER DEFINED QUANTITY NO. 10              

 @--MESSAGE  AT TIME        0.0   DAYS    ( 1-JAN-1986):
 @           FU_OR5 ASSIGNMENT PROCESSED. UPDATE STATUS SET TO OFF.          
    60 READING DRSDT   
    61 READING COMPDAT 
    62 READING WCONPROD
    63 READING GCONPROD

 @--MESSAGE  AT TIME        0.0   DAYS    ( 1-JAN-1986):
 @            ARGUMENT NO. 3: OIL RATE TARGET                                
 @            INITIALISED AS USER  DEFINED QUANTITY  FU_OR1                  
 @            IN THE CONTROL DATA KEYWORD  GCONPROD                          
 @            FOR GROUP G1.                                                  

 @--MESSAGE  AT TIME        0.0   DAYS    ( 1-JAN-1986):
 @            ARGUMENT NO. 3: OIL RATE TARGET                                
 @            INITIALISED AS USER  DEFINED QUANTITY  FU_OR2                  
 @            IN THE CONTROL DATA KEYWORD  GCONPROD                          
 @            FOR GROUP G2.                                                  
    64 READING TSTEP   
1                             **********************************************************************   1
  SIMULATE AT     0.00   DAYS *   3D3P 5000 CELLS                                                      * ECLIPSE  VERSION 2009.1     
  REPORT   0     1 JAN 1986   *  RUN                                                                   * RUN AT 10:17 ON 13 AUG 2015 
                              **************************************************************************

 @--MESSAGE  AT TIME        0.0   DAYS    ( 1-JAN-1986):
 @           ******************************************                      
 @           * WELL P20      HAS CHANGED TO           *                      
 @           * CONTROL BY OIL RATE                    *                      
 @           * FROM TIME      0.00   DAYS  .          *                      
 @           ******************************************                      

 @--MESSAGE  AT TIME        0.0   DAYS    ( 1-JAN-1986):
 @           ******************************************                      
 @           * WELL P24      HAS CHANGED TO           *                      
 @           * CONTROL BY OIL RATE                    *                      
 @           * FROM TIME      0.00   DAYS  .          *                      
 @           ******************************************                      

 @--MESSAGE  AT TIME        0.0   DAYS    ( 1-JAN-1986):
 @           **********************************                              
 @           * GROUP G2       CANNOT MEET ITS *                              
 @           *  OIL   PRODUCTION TARGET       *                              
 @           * AFTER TIME      0.00   DAYS  . *                              
 @           **********************************                              

 STEP    1 TIME=    1.00  DAYS (  +1.0  DAYS INIT  2 ITS) (2-JAN-1986)           
  PAV=  3624.2  PSIA   WCT=0.000 GOR=     1.13 MSCF/STB WGR=   0.0001 STB/MSCF   

 STEP    2 TIME=    4.00  DAYS (  +3.0  DAYS MAXF  1 ITS) (5-JAN-1986)           
  PAV=  3622.3  PSIA   WCT=0.000 GOR=     1.13 MSCF/STB WGR=   0.0002 STB/MSCF   

 STEP    3 TIME=   12.00  DAYS (  +8.0  DAYS HALF  2 ITS) (13-JAN-1986)          
  PAV=  3617.0  PSIA   WCT=0.002 GOR=     1.13 MSCF/STB WGR=   0.0015 STB/MSCF   

 STEP    4 TIME=   20.00  DAYS (  +8.0  DAYS REPT  1 ITS) (21-JAN-1986)          
  PAV=  3611.6  PSIA   WCT=0.004 GOR=     1.13 MSCF/STB WGR=   0.0034 STB/MSCF   
1                             **********************************************************************   2
  WELLS    AT    20.00   DAYS *   3D3P 5000 CELLS                                                      * ECLIPSE  VERSION 2009.1     
  REPORT   1    21 JAN 1986   *  RUN                                                                   * RUN AT 10:17 ON 13 AUG 2015 
                              **************************************************************************


                                                          PRODUCTION REPORT
                                                          -----------------

------------------------------------------------------------------------------------------------------------------------------------
:  WELL  :  LOCATION :CTRL:    OIL    :   WATER   :    GAS    :   FLUID   :WATER: GAS/OIL: WAT/GAS: BHP OR : THP OR : STEADY-ST PI :
:  NAME  :  (I,J,K)  :MODE:    RATE   :   RATE    :    RATE   :  RES.VOL. : CUT :  RATIO :  RATIO : CON.PR.: BLK.PR.: OR POTN OF   :
: OR GRID:           :    :   STB/DAY :   STB/DAY :  MSCF/DAY :   RB/DAY  :     :MSCF/STB:STB/MSCF:  PSIA  :  PSIA  : PREFERRED PH :
====================================================================================================================================
:        :           :    :           :           :           :           :     :        :        :        :        :              :
:FIELD               :    :    41000.0:      155.3:    46330.0:    44178.9:0.004:    1.13:  0.0034:        :        :              :
:  LAYER :          1:    :        0.0:        0.0:        0.0:        0.0:     :        :        :        :        :              :
:  LAYER :          2:    :        0.0:        0.0:        0.0:        0.0:     :        :        :        :        :              :
:  LAYER :          3:    :    41000.0:      155.3:    46330.0:    44178.9:     :        :        :        :        :              :
:  LAYER :          4:    :        0.0:        0.0:        0.0:        0.0:     :        :        :        :        :              :
:  LAYER :          5:    :        0.0:        0.0:        0.0:        0.0:     :        :        :        :        :              :
====================================================================================================================================
:        :           :    :           :           :           :           :     :        :        :        :        :              :
:G1        GROUP     :ORAT:    21000.0:       84.3:    23730.0:    22633.0:0.004:    1.13:  0.0036:        :        :              :
:  LAYER :          1:    :        0.0:        0.0:        0.0:        0.0:     :        :        :        :        :              :
:  LAYER :          2:    :        0.0:        0.0:        0.0:        0.0:     :        :        :        :        :              :
:  LAYER :          3:    :    21000.0:       84.3:    23730.0:    22633.0:     :        :        :        :        :              :
:  LAYER :          4:    :        0.0:        0.0:        0.0:        0.0:     :        :        :        :        :              :
:  LAYER :          5:    :        0.0:        0.0:        0.0:        0.0:     :        :        :        :        :              :
====================================================================================================================================
:        :           :    :           :           :           :           :     :        :        :        :        :              :
:G2        GROUP     :    :    20000.0:       71.0:    22600.0:    21546.0:0.004:    1.13:  0.0031:        :        :              :
:  LAYER :          1:    :        0.0:        0.0:        0.0:        0.0:     :        :        :        :        :              :
:  LAYER :          2:    :        0.0:        0.0:        0.0:        0.0:     :        :        :        :        :              :
:  LAYER :          3:    :    20000.0:       71.0:    22600.0:    21546.0:     :        :        :        :        :              :
:  LAYER :          4:    :        0.0:        0.0:        0.0:        0.0:     :        :        :        :        :              :
:  LAYER :          5:    :        0.0:        0.0:        0.0:        0.0:     :        :        :        :        :              :
====================================================================================================================================


                                                CUMULATIVE PRODUCTION/INJECTION TOTALS
                                                --------------------------------------

    --------------------------------------------------------------------------------------------------------------------------------
    :  WELL  :  LOCATION :WELL:WELL:    OIL    :   WATER   :    GAS    :  RES.VOL. :    OIL    :   WATER   :    GAS    :  RES.VOL. :
    :  NAME  :  (I,J,K)  :TYPE:CTRL: PRODUCTION: PRODUCTION: PRODUCTION: PRODUCTION: INJECTION : INJECTION : INJECTION : INJECTION :
    : OR GRID:           :    :MODE:    MSTB   :    MSTB   :    MMSCF  :    MRBL   :    MSTB   :    MSTB   :    MMSCF  :    MRBL   :
    ================================================================================================================================
    :        :           :    :    :           :           :           :           :           :           :           :           :
    :FIELD               :    :    :      820.0:        1.8:      926.6:      882.2:        0.0:        0.0:        0.0:        0.0: 
    :  LAYER :          1:    :    :        0.0:        0.0:        0.0:        0.0:        0.0:        0.0:        0.0:        0.0: 
    :  LAYER :          2:    :    :        0.0:        0.0:        0.0:        0.0:        0.0:        0.0:        0.0:        0.0: 
    :  LAYER :          3:    :    :      820.0:        1.8:      926.6:      882.2:        0.0:        0.0:        0.0:        0.0: 
    :  LAYER :          4:    :    :        0.0:        0.0:        0.0:        0.0:        0.0:        0.0:        0.0:        0.0: 
    :  LAYER :          5:    :    :        0.0:        0.0:        0.0:        0.0:        0.0:        0.0:        0.0:        0.0: 
    ================================================================================================================================
    :        :           :    :    :           :           :           :           :           :           :           :           :
    :G1        GROUP     :    :    :      420.0:        1.0:      474.6:      451.9:        0.0:        0.0:        0.0:        0.0: 
    :  LAYER :          1:    :    :        0.0:        0.0:        0.0:        0.0:        0.0:        0.0:        0.0:        0.0: 
    :  LAYER :          2:    :    :        0.0:        0.0:        0.0:        0.0:        0.0:        0.0:        0.0:        0.0: 
    :  LAYER :          3:    :    :      420.0:        1.0:      474.6:      451.9:        0.0:        0.0:        0.0:        0.0: 
    :  LAYER :          4:    :    :        0.0:        0.0:        0.0:        0.0:        0.0:        0.0:        0.0:        0.0: 
    :  LAYER :          5:    :    :        0.0:        0.0:        0.0:        0.0:        0.0:        0.0:        0.0:        0.0: 
    ================================================================================================================================
    :        :           :    :    :           :           :           :           :           :           :           :           :
    :G2        GROUP     :    :    :      400.0:        0.8:      452.0:      430.3:        0.0:        0.0:        0.0:        0.0: 
    :  LAYER :          1:    :    :        0.0:        0.0:        0.0:        0.0:        0.0:        0.0:        0.0:        0.0: 
    :  LAYER :          2:    :    :        0.0:        0.0:        0.0:        0.0:        0.0:        0.0:        0.0:        0.0: 
    :  LAYER :          3:    :    :      400.0:        0.8:      452.0:      430.3:        0.0:        0.0:        0.0:        0.0: 
    :  LAYER :          4:    :    :        0.0:        0.0:        0.0:        0.0:        0.0:        0.0:        0.0:        0.0: 
    :  LAYER :          5:    :    :        0.0:        0.0:        0.0:        0.0:        0.0:        0.0:        0.0:        0.0: 
    ================================================================================================================================
 =======================================================
 TIMING REPORTS AT CPU=     0 SECS - ELAPSED=     0 SECS
 =======================================================
 ZZSS    1  0  0
                RR      1  0  0
 SR      1  0  0
 TS      1  0  0
                NX      4  0  0
                               WC     10  0  0
                               LMRS   10  0  0
                               CONV   10  0  0
                               LMJC    6  0  0
                               LXX     6  0  0
                                              WGIN    6  0  0
                                              RGIN    6  0  0
                                              GINV    6  0  0
                                                             GINV    6  0  0
                                              WRES    6  0  0
                                              RRES    6  0  0
                                              ITER    6  0  0
                                                             NORM   24  0  0
                                                             SRCH   18  0  0
                                                             WADX   36  0  0
                                                             ORTH   18  0  0
                                                             UPDA   18  0  0
                                              WSOL    6  0  0
                               XUIT    6  0  0
                               LC      6  0  0
 WWX     1  0  0
 XW      1  0  0
1                             **********************************************************************   3
  SIMULATE AT    20.00   DAYS *   3D3P 5000 CELLS                                                      * ECLIPSE  VERSION 2009.1     
  REPORT   1    21 JAN 1986   *  RUN                                                                   * RUN AT 10:17 ON 13 AUG 2015 
                              **************************************************************************

 STEP    5 TIME=   40.00  DAYS ( +20.0  DAYS REPT  1 ITS) (10-FEB-1986)          
  PAV=  3597.9  PSIA   WCT=0.013 GOR=     1.13 MSCF/STB WGR=   0.0112 STB/MSCF   
1                             **********************************************************************   4
  WELLS    AT    40.00   DAYS *   3D3P 5000 CELLS                                                      * ECLIPSE  VERSION 2009.1     
  REPORT   2    10 FEB 1986   *  RUN                                                                   * RUN AT 10:17 ON 13 AUG 2015 
                              **************************************************************************


                                                          PRODUCTION REPORT
                                                          -----------------

------------------------------------------------------------------------------------------------------------------------------------
:  WELL  :  LOCATION :CTRL:    OIL    :   WATER   :    GAS    :   FLUID   :WATER: GAS/OIL: WAT/GAS: BHP OR : THP OR : STEADY-ST PI :
:  NAME  :  (I,J,K)  :MODE:    RATE   :   RATE    :    RATE   :  RES.VOL. : CUT :  RATIO :  RATIO : CON.PR.: BLK.PR.: OR POTN OF   :
: OR GRID:           :    :   STB/DAY :   STB/DAY :  MSCF/DAY :   RB/DAY  :     :MSCF/STB:STB/MSCF:  PSIA  :  PSIA  : PREFERRED PH :
====================================================================================================================================
:        :           :    :           :           :           :           :     :        :        :        :        :              :
:FIELD               :    :    41000.0:      520.7:    46330.0:    44548.1:0.013:    1.13:  0.0112:        :        :              :
:  LAYER :          1:    :        0.0:        0.0:        0.0:        0.0:     :        :        :        :        :              :
:  LAYER :          2:    :        0.0:        0.0:        0.0:        0.0:     :        :        :        :        :              :
:  LAYER :          3:    :    41000.0:      520.7:    46330.0:    44548.1:     :        :        :        :        :              :
:  LAYER :          4:    :        0.0:        0.0:        0.0:        0.0:     :        :        :        :        :              :
:  LAYER :          5:    :        0.0:        0.0:        0.0:        0.0:     :        :        :        :        :              :
====================================================================================================================================
:        :           :    :           :           :           :           :     :        :        :        :        :              :
:G1        GROUP     :ORAT:    21000.0:      281.4:    23730.0:    22832.1:0.013:    1.13:  0.0119:        :        :              :
:  LAYER :          1:    :        0.0:        0.0:        0.0:        0.0:     :        :        :        :        :              :
:  LAYER :          2:    :        0.0:        0.0:        0.0:        0.0:     :        :        :        :        :              :
:  LAYER :          3:    :    21000.0:      281.4:    23730.0:    22832.1:     :        :        :        :        :              :
:  LAYER :          4:    :        0.0:        0.0:        0.0:        0.0:     :        :        :        :        :              :
:  LAYER :          5:    :        0.0:        0.0:        0.0:        0.0:     :        :        :        :        :              :
====================================================================================================================================
:        :           :    :           :           :           :           :     :        :        :        :        :              :
:G2        GROUP     :    :    20000.0:      239.2:    22600.0:    21716.0:0.012:    1.13:  0.0106:        :        :              :
:  LAYER :          1:    :        0.0:        0.0:        0.0:        0.0:     :        :        :        :        :              :
:  LAYER :          2:    :        0.0:        0.0:        0.0:        0.0:     :        :        :        :        :              :
:  LAYER :          3:    :    20000.0:      239.2:    22600.0:    21716.0:     :        :        :        :        :              :
:  LAYER :          4:    :        0.0:        0.0:        0.0:        0.0:     :        :        :        :        :              :
:  LAYER :          5:    :        0.0:        0.0:        0.0:        0.0:     :        :        :        :        :              :
====================================================================================================================================


                                                CUMULATIVE PRODUCTION/INJECTION TOTALS
                                                --------------------------------------

    --------------------------------------------------------------------------------------------------------------------------------
    :  WELL  :  LOCATION :WELL:WELL:    OIL    :   WATER   :    GAS    :  RES.VOL. :    OIL    :   WATER   :    GAS    :  RES.VOL. :
    :  NAME  :  (I,J,K)  :TYPE:CTRL: PRODUCTION: PRODUCTION: PRODUCTION: PRODUCTION: INJECTION : INJECTION : INJECTION : INJECTION :
    : OR GRID:           :    :MODE:    MSTB   :    MSTB   :    MMSCF  :    MRBL   :    MSTB   :    MSTB   :    MMSCF  :    MRBL   :
    ================================================================================================================================
    :        :           :    :    :           :           :           :           :           :           :           :           :
    :FIELD               :    :    :     1640.0:       12.2:     1853.2:     1773.2:        0.0:        0.0:        0.0:        0.0: 
    :  LAYER :          1:    :    :        0.0:        0.0:        0.0:        0.0:        0.0:        0.0:        0.0:        0.0: 
    :  LAYER :          2:    :    :        0.0:        0.0:        0.0:        0.0:        0.0:        0.0:        0.0:        0.0: 
    :  LAYER :          3:    :    :     1640.0:       12.2:     1853.2:     1773.2:        0.0:        0.0:        0.0:        0.0: 
    :  LAYER :          4:    :    :        0.0:        0.0:        0.0:        0.0:        0.0:        0.0:        0.0:        0.0: 
    :  LAYER :          5:    :    :        0.0:        0.0:        0.0:        0.0:        0.0:        0.0:        0.0:        0.0: 
    ================================================================================================================================
    :        :           :    :    :           :           :           :           :           :           :           :           :
    :G1        GROUP     :    :    :      840.0:        6.6:      949.2:      908.6:        0.0:        0.0:        0.0:        0.0: 
    :  LAYER :          1:    :    :        0.0:        0.0:        0.0:        0.0:        0.0:        0.0:        0.0:        0.0: 
    :  LAYER :          2:    :    :        0.0:        0.0:        0.0:        0.0:        0.0:        0.0:        0.0:        0.0: 
    :  LAYER :          3:    :    :      840.0:        6.6:      949.2:      908.6:        0.0:        0.0:        0.0:        0.0: 
    :  LAYER :          4:    :    :        0.0:        0.0:        0.0:        0.0:        0.0:        0.0:        0.0:        0.0: 
    :  LAYER :          5:    :    :        0.0:        0.0:        0.0:        0.0:        0.0:        0.0:        0.0:        0.0: 
    ================================================================================================================================
    :        :           :    :    :           :           :           :           :           :           :           :           :
    :G2        GROUP     :    :    :      800.0:        5.6:      904.0:      864.6:        0.0:        0.0:        0.0:        0.0: 
    :  LAYER :          1:    :    :        0.0:        0.0:        0.0:        0.0:        0.0:        0.0:        0.0:        0.0: 
    :  LAYER :          2:    :    :        0.0:        0.0:        0.0:        0.0:        0.0:        0.0:        0.0:        0.0: 
    :  LAYER :          3:    :    :      800.0:        5.6:      904.0:      864.6:        0.0:        0.0:        0.0:        0.0: 
    :  LAYER :          4:    :    :        0.0:        0.0:        0.0:        0.0:        0.0:        0.0:        0.0:        0.0: 
    :  LAYER :          5:    :    :        0.0:        0.0:        0.0:        0.0:        0.0:        0.0:        0.0:        0.0: 
    ================================================================================================================================
 =======================================================
 TIMING REPORTS AT CPU=     0 SECS - ELAPSED=     0 SECS
 =======================================================
 ZZSS    1  0  0
                RR      1  0  0
 SR      1  0  0
 TS      2  0  0
                NX      5  0  0
                               WC     12  0  0
                               LMRS   12  0  0
                               CONV   12  0  0
                               LMJC    7  0  0
                               LXX     7  0  0
                                              WGIN    7  0  0
                                              RGIN    7  0  0
                                              GINV    7  0  0
                                                             GINV    7  0  0
                                              WRES    7  0  0
                                              RRES    7  0  0
                                              ITER    7  0  0
                                                             NORM   30  0  0
                                                             SRCH   23  0  0
                                                             WADX   46  0  0
                                                             ORTH   23  0  0
                                                             UPDA   23  0  0
                                              WSOL    7  0  0
                               XUIT    7  0  0
                               LC      7  0  0
 WWX     2  0  0
 XW      2  0  0
1                             **********************************************************************   5
  SIMULATE AT    40.00   DAYS *   3D3P 5000 CELLS                                                      * ECLIPSE  VERSION 2009.1     
  REPORT   2    10 FEB 1986   *  RUN                                                                   * RUN AT 10:17 ON 13 AUG 2015 
                              **************************************************************************

 STEP    6 TIME=   60.00  DAYS ( +20.0  DAYS REPT  1 ITS) (2-MAR-1986)           
  PAV=  3584.1  PSIA   WCT=0.024 GOR=     1.13 MSCF/STB WGR=   0.0221 STB/MSCF   
1                             **********************************************************************   6
  WELLS    AT    60.00   DAYS *   3D3P 5000 CELLS                                                      * ECLIPSE  VERSION 2009.1     
  REPORT   3     2 MAR 1986   *  RUN                                                                   * RUN AT 10:17 ON 13 AUG 2015 
                              **************************************************************************


                                                          PRODUCTION REPORT
                                                          -----------------

------------------------------------------------------------------------------------------------------------------------------------
:  WELL  :  LOCATION :CTRL:    OIL    :   WATER   :    GAS    :   FLUID   :WATER: GAS/OIL: WAT/GAS: BHP OR : THP OR : STEADY-ST PI :
:  NAME  :  (I,J,K)  :MODE:    RATE   :   RATE    :    RATE   :  RES.VOL. : CUT :  RATIO :  RATIO : CON.PR.: BLK.PR.: OR POTN OF   :
: OR GRID:           :    :   STB/DAY :   STB/DAY :  MSCF/DAY :   RB/DAY  :     :MSCF/STB:STB/MSCF:  PSIA  :  PSIA  : PREFERRED PH :
====================================================================================================================================
:        :           :    :           :           :           :           :     :        :        :        :        :              :
:FIELD               :    :    41000.0:     1025.5:    46330.0:    45062.0:0.024:    1.13:  0.0221:        :        :              :
:  LAYER :          1:    :        0.0:        0.0:        0.0:        0.0:     :        :        :        :        :              :
:  LAYER :          2:    :        0.0:        0.0:        0.0:        0.0:     :        :        :        :        :              :
:  LAYER :          3:    :    41000.0:     1025.5:    46330.0:    45062.0:     :        :        :        :        :              :
:  LAYER :          4:    :        0.0:        0.0:        0.0:        0.0:     :        :        :        :        :              :
:  LAYER :          5:    :        0.0:        0.0:        0.0:        0.0:     :        :        :        :        :              :
====================================================================================================================================
:        :           :    :           :           :           :           :     :        :        :        :        :              :
:G1        GROUP     :ORAT:    21000.0:      552.8:    23730.0:    23108.1:0.026:    1.13:  0.0233:        :        :              :
:  LAYER :          1:    :        0.0:        0.0:        0.0:        0.0:     :        :        :        :        :              :
:  LAYER :          2:    :        0.0:        0.0:        0.0:        0.0:     :        :        :        :        :              :
:  LAYER :          3:    :    21000.0:      552.8:    23730.0:    23108.1:     :        :        :        :        :              :
:  LAYER :          4:    :        0.0:        0.0:        0.0:        0.0:     :        :        :        :        :              :
:  LAYER :          5:    :        0.0:        0.0:        0.0:        0.0:     :        :        :        :        :              :
====================================================================================================================================
:        :           :    :           :           :           :           :     :        :        :        :        :              :
:G2        GROUP     :    :    20000.0:      472.7:    22600.0:    21953.9:0.023:    1.13:  0.0209:        :        :              :
:  LAYER :          1:    :        0.0:        0.0:        0.0:        0.0:     :        :        :        :        :              :
:  LAYER :          2:    :        0.0:        0.0:        0.0:        0.0:     :        :        :        :        :              :
:  LAYER :          3:    :    20000.0:      472.7:    22600.0:    21953.9:     :        :        :        :        :              :
:  LAYER :          4:    :        0.0:        0.0:        0.0:        0.0:     :        :        :        :        :              :
:  LAYER :          5:    :        0.0:        0.0:        0.0:        0.0:     :        :        :        :        :              :
====================================================================================================================================


                                                CUMULATIVE PRODUCTION/INJECTION TOTALS
                                                --------------------------------------

    --------------------------------------------------------------------------------------------------------------------------------
    :  WELL  :  LOCATION :WELL:WELL:    OIL    :   WATER   :    GAS    :  RES.VOL. :    OIL    :   WATER   :    GAS    :  RES.VOL. :
    :  NAME  :  (I,J,K)  :TYPE:CTRL: PRODUCTION: PRODUCTION: PRODUCTION: PRODUCTION: INJECTION : INJECTION : INJECTION : INJECTION :
    : OR GRID:           :    :MODE:    MSTB   :    MSTB   :    MMSCF  :    MRBL   :    MSTB   :    MSTB   :    MMSCF  :    MRBL   :
    ================================================================================================================================
    :        :           :    :    :           :           :           :           :           :           :           :           :
    :FIELD               :    :    :     2460.0:       32.7:     2779.8:     2674.4:        0.0:        0.0:        0.0:        0.0: 
    :  LAYER :          1:    :    :        0.0:        0.0:        0.0:        0.0:        0.0:        0.0:        0.0:        0.0: 
    :  LAYER :          2:    :    :        0.0:        0.0:        0.0:        0.0:        0.0:        0.0:        0.0:        0.0: 
    :  LAYER :          3:    :    :     2460.0:       32.7:     2779.8:     2674.4:        0.0:        0.0:        0.0:        0.0: 
    :  LAYER :          4:    :    :        0.0:        0.0:        0.0:        0.0:        0.0:        0.0:        0.0:        0.0: 
    :  LAYER :          5:    :    :        0.0:        0.0:        0.0:        0.0:        0.0:        0.0:        0.0:        0.0: 
    ================================================================================================================================
    :        :           :    :    :           :           :           :           :           :           :           :           :
    :G1        GROUP     :    :    :     1260.0:       17.7:     1423.8:     1370.7:        0.0:        0.0:        0.0:        0.0: 
    :  LAYER :          1:    :    :        0.0:        0.0:        0.0:        0.0:        0.0:        0.0:        0.0:        0.0: 
    :  LAYER :          2:    :    :        0.0:        0.0:        0.0:        0.0:        0.0:        0.0:        0.0:        0.0: 
    :  LAYER :          3:    :    :     1260.0:       17.7:     1423.8:     1370.7:        0.0:        0.0:        0.0:        0.0: 
    :  LAYER :          4:    :    :        0.0:        0.0:        0.0:        0.0:        0.0:        0.0:        0.0:        0.0: 
    :  LAYER :          5:    :    :        0.0:        0.0:        0.0:        0.0:        0.0:        0.0:        0.0:        0.0: 
    ================================================================================================================================
    :        :           :    :    :           :           :           :           :           :           :           :           :
    :G2        GROUP     :    :    :     1200.0:       15.1:     1356.0:     1303.7:        0.0:        0.0:        0.0:        0.0: 
    :  LAYER :          1:    :    :        0.0:        0.0:        0.0:        0.0:        0.0:        0.0:        0.0:        0.0: 
    :  LAYER :          2:    :    :        0.0:        0.0:        0.0:        0.0:        0.0:        0.0:        0.0:        0.0: 
    :  LAYER :          3:    :    :     1200.0:       15.1:     1356.0:     1303.7:        0.0:        0.0:        0.0:        0.0: 
    :  LAYER :          4:    :    :        0.0:        0.0:        0.0:        0.0:        0.0:        0.0:        0.0:        0.0: 
    :  LAYER :          5:    :    :        0.0:        0.0:        0.0:        0.0:        0.0:        0.0:        0.0:        0.0: 
    ================================================================================================================================
 =======================================================
 TIMING REPORTS AT CPU=     0 SECS - ELAPSED=     0 SECS
 =======================================================
 ZZSS    1  0  0
                RR      1  0  0
 SR      1  0  0
 TS      3  0  0
                NX      6  0  0
                               WC     14  0  0
                               LMRS   14  0  0
                               CONV   14  0  0
                               LMJC    8  0  0
                               LXX     8  0  0
                                              WGIN    8  0  0
                                              RGIN    8  0  0
                                              GINV    8  0  0
                                                             GINV    8  0  0
                                              WRES    8  0  0
                                              RRES    8  0  0
                                              ITER    8  0  0
                                                             NORM   35  0  0
                                                             SRCH   27  0  0
                                                             WADX   54  0  0
                                                             ORTH   27  0  0
                                                             UPDA   27  0  0
                                              WSOL    8  0  0
                               XUIT    8  0  0
                               LC      8  0  0
 WWX     3  0  0
 XW      3  0  0
1                             **********************************************************************   7
  SIMULATE AT    60.00   DAYS *   3D3P 5000 CELLS                                                      * ECLIPSE  VERSION 2009.1     
  REPORT   3     2 MAR 1986   *  RUN                                                                   * RUN AT 10:17 ON 13 AUG 2015 
                              **************************************************************************

 STEP    7 TIME=   80.00  DAYS ( +20.0  DAYS REPT  1 ITS) (22-MAR-1986)          
  PAV=  3570.1  PSIA   WCT=0.039 GOR=     1.13 MSCF/STB WGR=   0.0355 STB/MSCF   
1                             **********************************************************************   8
  WELLS    AT    80.00   DAYS *   3D3P 5000 CELLS                                                      * ECLIPSE  VERSION 2009.1     
  REPORT   4    22 MAR 1986   *  RUN                                                                   * RUN AT 10:17 ON 13 AUG 2015 
                              **************************************************************************


                                                          PRODUCTION REPORT
                                                          -----------------

------------------------------------------------------------------------------------------------------------------------------------
:  WELL  :  LOCATION :CTRL:    OIL    :   WATER   :    GAS    :   FLUID   :WATER: GAS/OIL: WAT/GAS: BHP OR : THP OR : STEADY-ST PI :
:  NAME  :  (I,J,K)  :MODE:    RATE   :   RATE    :    RATE   :  RES.VOL. : CUT :  RATIO :  RATIO : CON.PR.: BLK.PR.: OR POTN OF   :
: OR GRID:           :    :   STB/DAY :   STB/DAY :  MSCF/DAY :   RB/DAY  :     :MSCF/STB:STB/MSCF:  PSIA  :  PSIA  : PREFERRED PH :
====================================================================================================================================
:        :           :    :           :           :           :           :     :        :        :        :        :              :
:FIELD               :    :    41000.0:     1646.1:    46330.0:    45691.9:0.039:    1.13:  0.0355:        :        :              :
:  LAYER :          1:    :        0.0:        0.0:        0.0:        0.0:     :        :        :        :        :              :
:  LAYER :          2:    :        0.0:        0.0:        0.0:        0.0:     :        :        :        :        :              :
:  LAYER :          3:    :    41000.0:     1646.1:    46330.0:    45691.9:     :        :        :        :        :              :
:  LAYER :          4:    :        0.0:        0.0:        0.0:        0.0:     :        :        :        :        :              :
:  LAYER :          5:    :        0.0:        0.0:        0.0:        0.0:     :        :        :        :        :              :
====================================================================================================================================
:        :           :    :           :           :           :           :     :        :        :        :        :              :
:G1        GROUP     :ORAT:    21000.0:      885.0:    23730.0:    23445.1:0.040:    1.13:  0.0373:        :        :              :
:  LAYER :          1:    :        0.0:        0.0:        0.0:        0.0:     :        :        :        :        :              :
:  LAYER :          2:    :        0.0:        0.0:        0.0:        0.0:     :        :        :        :        :              :
:  LAYER :          3:    :    21000.0:      885.0:    23730.0:    23445.1:     :        :        :        :        :              :
:  LAYER :          4:    :        0.0:        0.0:        0.0:        0.0:     :        :        :        :        :              :
:  LAYER :          5:    :        0.0:        0.0:        0.0:        0.0:     :        :        :        :        :              :
====================================================================================================================================
:        :           :    :           :           :           :           :     :        :        :        :        :              :
:G2        GROUP     :    :    20000.0:      761.1:    22600.0:    22246.8:0.037:    1.13:  0.0337:        :        :              :
:  LAYER :          1:    :        0.0:        0.0:        0.0:        0.0:     :        :        :        :        :              :
:  LAYER :          2:    :        0.0:        0.0:        0.0:        0.0:     :        :        :        :        :              :
:  LAYER :          3:    :    20000.0:      761.1:    22600.0:    22246.8:     :        :        :        :        :              :
:  LAYER :          4:    :        0.0:        0.0:        0.0:        0.0:     :        :        :        :        :              :
:  LAYER :          5:    :        0.0:        0.0:        0.0:        0.0:     :        :        :        :        :              :
====================================================================================================================================


                                                CUMULATIVE PRODUCTION/INJECTION TOTALS
                                                --------------------------------------

    --------------------------------------------------------------------------------------------------------------------------------
    :  WELL  :  LOCATION :WELL:WELL:    OIL    :   WATER   :    GAS    :  RES.VOL. :    OIL    :   WATER   :    GAS    :  RES.VOL. :
    :  NAME  :  (I,J,K)  :TYPE:CTRL: PRODUCTION: PRODUCTION: PRODUCTION: PRODUCTION: INJECTION : INJECTION : INJECTION : INJECTION :
    : OR GRID:           :    :MODE:    MSTB   :    MSTB   :    MMSCF  :    MRBL   :    MSTB   :    MSTB   :    MMSCF  :    MRBL   :
    ================================================================================================================================
    :        :           :    :    :           :           :           :           :           :           :           :           :
    :FIELD               :    :    :     3280.0:       65.7:     3706.4:     3588.3:        0.0:        0.0:        0.0:        0.0: 
    :  LAYER :          1:    :    :        0.0:        0.0:        0.0:        0.0:        0.0:        0.0:        0.0:        0.0: 
    :  LAYER :          2:    :    :        0.0:        0.0:        0.0:        0.0:        0.0:        0.0:        0.0:        0.0: 
    :  LAYER :          3:    :    :     3280.0:       65.7:     3706.4:     3588.3:        0.0:        0.0:        0.0:        0.0: 
    :  LAYER :          4:    :    :        0.0:        0.0:        0.0:        0.0:        0.0:        0.0:        0.0:        0.0: 
    :  LAYER :          5:    :    :        0.0:        0.0:        0.0:        0.0:        0.0:        0.0:        0.0:        0.0: 
    ================================================================================================================================
    :        :           :    :    :           :           :           :           :           :           :           :           :
    :G1        GROUP     :    :    :     1680.0:       35.4:     1898.4:     1839.6:        0.0:        0.0:        0.0:        0.0: 
    :  LAYER :          1:    :    :        0.0:        0.0:        0.0:        0.0:        0.0:        0.0:        0.0:        0.0: 
    :  LAYER :          2:    :    :        0.0:        0.0:        0.0:        0.0:        0.0:        0.0:        0.0:        0.0: 
    :  LAYER :          3:    :    :     1680.0:       35.4:     1898.4:     1839.6:        0.0:        0.0:        0.0:        0.0: 
    :  LAYER :          4:    :    :        0.0:        0.0:        0.0:        0.0:        0.0:        0.0:        0.0:        0.0: 
    :  LAYER :          5:    :    :        0.0:        0.0:        0.0:        0.0:        0.0:        0.0:        0.0:        0.0: 
    ================================================================================================================================
    :        :           :    :    :           :           :           :           :           :           :           :           :
    :G2        GROUP     :    :    :     1600.0:       30.3:     1808.0:     1748.6:        0.0:        0.0:        0.0:        0.0: 
    :  LAYER :          1:    :    :        0.0:        0.0:        0.0:        0.0:        0.0:        0.0:        0.0:        0.0: 
    :  LAYER :          2:    :    :        0.0:        0.0:        0.0:        0.0:        0.0:        0.0:        0.0:        0.0: 
    :  LAYER :          3:    :    :     1600.0:       30.3:     1808.0:     1748.6:        0.0:        0.0:        0.0:        0.0: 
    :  LAYER :          4:    :    :        0.0:        0.0:        0.0:        0.0:        0.0:        0.0:        0.0:        0.0: 
    :  LAYER :          5:    :    :        0.0:        0.0:        0.0:        0.0:        0.0:        0.0:        0.0:        0.0: 
    ================================================================================================================================
 =======================================================
 TIMING REPORTS AT CPU=     0 SECS - ELAPSED=     3 SECS
 =======================================================
 ZZSS    1  0  0
                RR      1  0  0
 SR      1  0  0
 TS      4 10  0
                NX      7 10  0
                               WC     16  0  0
                               LMRS   16  0  0
                               CONV   16  0  0
                               LMJC    9  0  0
                               LXX     9  5  0
                                              WGIN    9  0  0
                                              RGIN    9  0  0
                                              GINV    9  5  0
                                                             GINV    9  5  0
                                              WRES    9  0  0
                                              RRES    9  0  0
                                              ITER    9  0  0
                                                             NORM   40  0  0
                                                             SRCH   31  0  0
                                                             WADX   62  0  0
                                                             ORTH   31  0  0
                                                             UPDA   31  0  0
                                              WSOL    9  0  0
                               XUIT    9  0  0
                               LC      9  5  0
 WWX     4  0  0
 XW      4  0  0
1                             **********************************************************************   9
  SIMULATE AT    80.00   DAYS *   3D3P 5000 CELLS                                                      * ECLIPSE  VERSION 2009.1     
  REPORT   4    22 MAR 1986   *  RUN                                                                   * RUN AT 10:17 ON 13 AUG 2015 
                              **************************************************************************

 STEP    8 TIME=  100.00  DAYS ( +20.0  DAYS REPT  1 ITS) (11-APR-1986)          
  PAV=  3555.8  PSIA   WCT=0.054 GOR=     1.13 MSCF/STB WGR=   0.0509 STB/MSCF   
1                             **********************************************************************  10
  WELLS    AT   100.00   DAYS *   3D3P 5000 CELLS                                                      * ECLIPSE  VERSION 2009.1     
  REPORT   5    11 APR 1986   *  RUN                                                                   * RUN AT 10:17 ON 13 AUG 2015 
                              **************************************************************************


                                                          PRODUCTION REPORT
                                                          -----------------

------------------------------------------------------------------------------------------------------------------------------------
:  WELL  :  LOCATION :CTRL:    OIL    :   WATER   :    GAS    :   FLUID   :WATER: GAS/OIL: WAT/GAS: BHP OR : THP OR : STEADY-ST PI :
:  NAME  :  (I,J,K)  :MODE:    RATE   :   RATE    :    RATE   :  RES.VOL. : CUT :  RATIO :  RATIO : CON.PR.: BLK.PR.: OR POTN OF   :
: OR GRID:           :    :   STB/DAY :   STB/DAY :  MSCF/DAY :   RB/DAY  :     :MSCF/STB:STB/MSCF:  PSIA  :  PSIA  : PREFERRED PH :
====================================================================================================================================
:        :           :    :           :           :           :           :     :        :        :        :        :              :
:FIELD               :    :    41000.0:     2357.4:    46330.0:    46412.8:0.054:    1.13:  0.0509:        :        :              :
:  LAYER :          1:    :        0.0:        0.0:        0.0:        0.0:     :        :        :        :        :              :
:  LAYER :          2:    :        0.0:        0.0:        0.0:        0.0:     :        :        :        :        :              :
:  LAYER :          3:    :    41000.0:     2357.4:    46330.0:    46412.8:     :        :        :        :        :              :
:  LAYER :          4:    :        0.0:        0.0:        0.0:        0.0:     :        :        :        :        :              :
:  LAYER :          5:    :        0.0:        0.0:        0.0:        0.0:     :        :        :        :        :              :
====================================================================================================================================
:        :           :    :           :           :           :           :     :        :        :        :        :              :
:G1        GROUP     :ORAT:    21000.0:     1264.2:    23730.0:    23829.2:0.057:    1.13:  0.0533:        :        :              :
:  LAYER :          1:    :        0.0:        0.0:        0.0:        0.0:     :        :        :        :        :              :
:  LAYER :          2:    :        0.0:        0.0:        0.0:        0.0:     :        :        :        :        :              :
:  LAYER :          3:    :    21000.0:     1264.2:    23730.0:    23829.2:     :        :        :        :        :              :
:  LAYER :          4:    :        0.0:        0.0:        0.0:        0.0:     :        :        :        :        :              :
:  LAYER :          5:    :        0.0:        0.0:        0.0:        0.0:     :        :        :        :        :              :
====================================================================================================================================
:        :           :    :           :           :           :           :     :        :        :        :        :              :
:G2        GROUP     :    :    20000.0:     1093.2:    22600.0:    22583.5:0.052:    1.13:  0.0484:        :        :              :
:  LAYER :          1:    :        0.0:        0.0:        0.0:        0.0:     :        :        :        :        :              :
:  LAYER :          2:    :        0.0:        0.0:        0.0:        0.0:     :        :        :        :        :              :
:  LAYER :          3:    :    20000.0:     1093.2:    22600.0:    22583.5:     :        :        :        :        :              :
:  LAYER :          4:    :        0.0:        0.0:        0.0:        0.0:     :        :        :        :        :              :
:  LAYER :          5:    :        0.0:        0.0:        0.0:        0.0:     :        :        :        :        :              :
====================================================================================================================================


                                                CUMULATIVE PRODUCTION/INJECTION TOTALS
                                                --------------------------------------

    --------------------------------------------------------------------------------------------------------------------------------
    :  WELL  :  LOCATION :WELL:WELL:    OIL    :   WATER   :    GAS    :  RES.VOL. :    OIL    :   WATER   :    GAS    :  RES.VOL. :
    :  NAME  :  (I,J,K)  :TYPE:CTRL: PRODUCTION: PRODUCTION: PRODUCTION: PRODUCTION: INJECTION : INJECTION : INJECTION : INJECTION :
    : OR GRID:           :    :MODE:    MSTB   :    MSTB   :    MMSCF  :    MRBL   :    MSTB   :    MSTB   :    MMSCF  :    MRBL   :
    ================================================================================================================================
    :        :           :    :    :           :           :           :           :           :           :           :           :
    :FIELD               :    :    :     4100.0:      112.8:     4633.0:     4516.5:        0.0:        0.0:        0.0:        0.0: 
    :  LAYER :          1:    :    :        0.0:        0.0:        0.0:        0.0:        0.0:        0.0:        0.0:        0.0: 
    :  LAYER :          2:    :    :        0.0:        0.0:        0.0:        0.0:        0.0:        0.0:        0.0:        0.0: 
    :  LAYER :          3:    :    :     4100.0:      112.8:     4633.0:     4516.5:        0.0:        0.0:        0.0:        0.0: 
    :  LAYER :          4:    :    :        0.0:        0.0:        0.0:        0.0:        0.0:        0.0:        0.0:        0.0: 
    :  LAYER :          5:    :    :        0.0:        0.0:        0.0:        0.0:        0.0:        0.0:        0.0:        0.0: 
    ================================================================================================================================
    :        :           :    :    :           :           :           :           :           :           :           :           :
    :G1        GROUP     :    :    :     2100.0:       60.7:     2373.0:     2316.2:        0.0:        0.0:        0.0:        0.0: 
    :  LAYER :          1:    :    :        0.0:        0.0:        0.0:        0.0:        0.0:        0.0:        0.0:        0.0: 
    :  LAYER :          2:    :    :        0.0:        0.0:        0.0:        0.0:        0.0:        0.0:        0.0:        0.0: 
    :  LAYER :          3:    :    :     2100.0:       60.7:     2373.0:     2316.2:        0.0:        0.0:        0.0:        0.0: 
    :  LAYER :          4:    :    :        0.0:        0.0:        0.0:        0.0:        0.0:        0.0:        0.0:        0.0: 
    :  LAYER :          5:    :    :        0.0:        0.0:        0.0:        0.0:        0.0:        0.0:        0.0:        0.0: 
    ================================================================================================================================
    :        :           :    :    :           :           :           :           :           :           :           :           :
    :G2        GROUP     :    :    :     2000.0:       52.2:     2260.0:     2200.3:        0.0:        0.0:        0.0:        0.0: 
    :  LAYER :          1:    :    :        0.0:        0.0:        0.0:        0.0:        0.0:        0.0:        0.0:        0.0: 
    :  LAYER :          2:    :    :        0.0:        0.0:        0.0:        0.0:        0.0:        0.0:        0.0:        0.0: 
    :  LAYER :          3:    :    :     2000.0:       52.2:     2260.0:     2200.3:        0.0:        0.0:        0.0:        0.0: 
    :  LAYER :          4:    :    :        0.0:        0.0:        0.0:        0.0:        0.0:        0.0:        0.0:        0.0: 
    :  LAYER :          5:    :    :        0.0:        0.0:        0.0:        0.0:        0.0:        0.0:        0.0:        0.0: 
    ================================================================================================================================
