


 $$$$$   $$$   $      $$$  $$$$    $$$   $$$$$     $    $$$    $$$ 
 $      $   $  $       $   $   $  $   $  $        $$   $   $  $   $
 $      $      $       $   $   $  $      $         $   $   $  $   $
 $$$$   $      $       $   $$$$    $$$   $$$$      $   $   $  $   $
 $      $      $       $   $          $  $         $   $   $  $   $
 $      $   $  $       $   $      $   $  $         $   $   $  $   $
 $$$$$   $$$   $$$$$  $$$  $       $$$   $$$$$    $$$   $$$    $$$ 



                       $$$$$   $$$   $      $$$  $$$$    $$$   $$$$$     $    $$$    $$$ 
                       $      $   $  $       $   $   $  $   $  $        $$   $   $  $   $
                       $      $      $       $   $   $  $      $         $   $   $  $   $
                       $$$$   $      $       $   $$$$    $$$   $$$$      $   $   $  $   $
                       $      $      $       $   $          $  $         $   $   $  $   $
                       $      $   $  $       $   $      $   $  $         $   $   $  $   $
                       $$$$$   $$$   $$$$$  $$$  $       $$$   $$$$$    $$$   $$$    $$$ 



                                             $$$$$   $$$   $      $$$  $$$$    $$$   $$$$$     $    $$$    $$$ 
                                             $      $   $  $       $   $   $  $   $  $        $$   $   $  $   $
                                             $      $      $       $   $   $  $      $         $   $   $  $   $
                                             $$$$   $      $       $   $$$$    $$$   $$$$      $   $   $  $   $
                                             $      $      $       $   $          $  $         $   $   $  $   $
                                             $      $   $  $       $   $      $   $  $         $   $   $  $   $
                                             $$$$$   $$$   $$$$$  $$$  $       $$$   $$$$$    $$$   $$$    $$$ 



                                                                   $$$$$   $$$   $      $$$  $$$$    $$$   $$$$$     $    $$$    $$$ 
                                                                   $      $   $  $       $   $   $  $   $  $        $$   $   $  $   $
                                                                   $      $      $       $   $   $  $      $         $   $   $  $   $
                                                                   $$$$   $      $       $   $$$$    $$$   $$$$      $   $   $  $   $
                                                                   $      $      $       $   $          $  $         $   $   $  $   $
                                                                   $      $   $  $       $   $      $   $  $         $   $   $  $   $
                                                                   $$$$$   $$$   $$$$$  $$$  $       $$$   $$$$$    $$$   $$$    $$$ 
 
 Version =  2009.1
 Arch    =  PC WINDOWS (32 bit)
Annex    | Modification date    | Update date          | baseline             
=====    | =================    | ===========          | ========             
ECLIPSE  | 27-APR-2009 16:22:47 | 27-APR-2009 19:37:10 | S:\2009.1_w18i
system   | 22-APR-2009 14:52:01 | 25-APR-2009 05:27:35 | S:\2009.1_w18
utility  | 17-FEB-2009 08:34:11 | 25-APR-2009 05:40:00 | S:\2009.1_w18
 

1

 ******** ECHO OF INPUT DATA FOR RUN WLIFT

 0: RUNSPEC
 0: TITLE
 0:    TEST FOR AUTOMATIC LIFT SWITCHING, DOWNTIME, DELAYED WORKOVERS
 0: 
 0: DIMENS
 0:     9    9    2  /
 0: 
 0: NONNC
 0: 
 0: OIL
 0: 
 0: WATER
 0: 
 0: METRIC
 0: 
 0: WELLDIMS
 0:    18    2    2   10 /
 0: 
 0: VFPPDIMS
 0:    10    3    3    2    2    1 /
 0: 
 0: START
 0:    1 'JAN' 1983  /
 0: 
 0: NSTACK
 0:     4 /
 0: 
 0: GRID        ================================================
 0: 
 0: NOGGF
 0: 
 0: EQUALS
 0:      'DX'     400     /
 0:      'DY'     300     /
 0:      'DZ'     10      /
 0:      'PERMX'  400     /
 0:      'PERMY'  300     /
 0:      'PERMZ'  30      /
 0:      'PORO'   0.3     /
 0: /
 0: 
 0: BOX
 0: 
 0:  1  9  1  9  1  1/
 0: 
 0: TOPS
 0: 
 0:  2202  2145  2105  2080  2072  2080  2105  2145  2202
 0:  2170  2113  2073  2049  2041  2049  2073  2113  2170
 0:  2147  2090  2050  2026  2018  2026  2050  2090  2147
 0:  2133  2077  2037  2013  2005  2013  2037  2077  2133
 0:  2129  2072  2032  2008  2000  2008  2032  2072  2129
 0:  2133  2077  2037  2013  2005  2013  2037  2077  2133
 0:  2147  2090  2050  2026  2018  2026  2050  2090  2147
 0:  2170  2113  2073  2049  2041  2049  2073  2113  2170
 0:  2202  2145  2105  2080  2072  2080  2105  2145  2202  /
 0: 
 0: ENDBOX
 0: 
 0: RPTGRID
 0: 'DEPTH'
 0:    /
 0: 
 0: PROPS    ===============================================================
 0: 
 0: SWFN
 0: 0.22   0.0   0.48
 0: 0.3    0.07  0.27
 0: 0.4    0.15  0.21
 0: 0.5    0.24  0.17
 0: 0.6    0.33  0.14
 0: 0.8    0.65  0.07
 0: 0.9    0.83  0.03
 0: 1.0    1.0   0.0   /
 0: 
 0: SOF2
 0: 0.04   0.0
 0: 0.1    0.022
 0: 0.2    0.1
 0: 0.3    0.24
 0: 0.4    0.34
 0: 0.5    0.42
 0: 0.6    0.5
 0: 0.7    0.8125
 0: 0.78   1.0    /
 0: 
 0: PVTW
 0: 306.1  1.03 0.000041    0.3  0  / ( BAR RM3/SM3 1/BAR CP )
 0: 
 0: ROCK
 0: 306.1     0.000053    /        ( BAR 1/BAR )
 0: 
 0: DENSITY
 0:   800   1022  0.9907    /      ( KG/M3 )
 0: 
 0: PVDO
 0:  100      1.05     1.0
 0:  530      1.01     1.0
 0:    /
 0: 
 0: RSCONST
 0:  100.0    210.0  /
 0: 
 0: RPTPROPS
 0: --
 0: -- PROPS Reporting Options
 0: --
 0: 'PVTO' 'PVDO'
 0:  /
 0: 
 0: SOLUTION   =============================================================
 0: 
 0: -- INITIAL CONDITIONS - 400 BARS AT 2070 METERS, OWC AT 2120 METERS
 0: -- TILTED BLOCK EQUILIBRATION
 0: --
 0: EQUIL      1 TABLES    2 NODES IN EACH           METRIC  11:14 21 OCT 83
 0:  2070.00 400.000 2120.00  .00000 1000.00  .00000     0      0      10 /
 0: 
 0: -- INITIAL SOLUTION REPORTS
 0: --
 0: RPTSOL                                           METRIC  08:46 23 NOV 84
 0:    -- Initialisation Print Output
 0:    --
 0: 'PRES' 'SWAT' 'SGAS' 'RV' 'FIP=1' 'EQUIL' 'RVVD' /
 0: 
 0: SUMMARY   ==========================================================
 0: -- SELECT QUANTITIES FOR SUMMARY FILE
 0: 
 0: FOPR
 0: 
 0: FWCT
 0: 
 0: WOPR
 0: 'P24'  'P37'  'P64'  /
 0: 
 0: WWCT
 0: 'P24'  'P37'  'P64'  /
 0: 
 0: WTHP
 0: 'P24'  'P37'  'P64'  /
 0: 
 0: RUNSUM
 0: 
 0: SCHEDULE  ==========================================================
 0: -- REPORT SWITCHES
 0: RPTSCHED                                         METRIC  09:09 23 NOV 84
 0:    'PRES' 'SWAT' 'RV' 'RESTART=2' 'FIP=1' 'WELLS=2' 'VFPPROD=1' 'SUMMARY=2'
 0: 'CPU=2' 'WELSPECS' 'NEWTON=2' /
 0: 
 0: NOECHO
 0: ECHO
 0: 
 0: -- DEFINE 7 PRODUCERS AND 4 INJECTORS
 0: WELSPECS
 0: 'P24'    'G1'    2  4   1*  'OIL'   -1   /
 0: 'P26'    'G1'    2  6   1*  'OIL'   -1   /
 0: 'P37'    'G1'    3  7   1*  'OIL'   -1   /
 0: 'P45'    'G1'    4  5   1*  'OIL'   -1   /
 0: 'P53'    'G2'    5  3   1*  'OIL'   -1   /
 0: 'P64'    'G2'    6  4   1*  'OIL'   -1   /
 0: 'P75'    'G2'    7  5   1*  'OIL'   -1   /
 0: 'I11'    'G1'    1  1   1*  'WAT'   -1   /
 0: 'I13'    'G1'    1  3   1*  'WAT'   -1   /
 0: 'I17'    'G1'    1  7   1*  'WAT'   -1   /
 0: 'I19'    'G1'    1  9   1*  'WAT'   -1   /
 0: /
 0: 
 0: -- ALL WELLS COMPLETED IN BOTH LAYERS
 0: COMPDAT
 0: '*'   2*   1  2    3*   0.1  /
 0: /
 0: 
 0: -- PRODUCERS HAVE THP LIMIT OF 100 BARS
 0: WCONPROD
 0: 'P*'  'OP'  'THP'   5*   100    100    1   /
 0: /
 0: 
 0: -- PLACE INJECTORS UNDER GROUP CONTROL
 0: WCONINJE
 0: 'I*'  'WAT'  'OPEN'  'GRUP'  2*   530  /
 0: /
 0: 
 0: -- PRODUCERS HAVE AN EFFICIENCY FACTOR OF 0.7
 0: WEFAC
 0: 'P*'  0.7  /
 0: /
 0: 
 0: -- SWITCH ON ARTIFICIAL LIFT IN A WELL WHEN ITS OIL RATE FALLS
 0: -- BELOW 500 M3/DAY.  ITS EFFICIENCY FACTOR WILL THEN BE 0.5 .
 0: WLIFT
 0: 'P*'  500  'OIL'  1*  50  0.5  /
 0: /
 0: 
 0: -- LIMIT THE FIELD OIL PRODUCTION RATE TO 10,000 M3/DAY
 0: GCONPROD
 0: 'FIELD'  'NONE'  10000  3*  'RATE'  /
 0: /
 0: 
 0: -- SET THE INJECTORS TO REPLACE 0.8 OF THE FIELD VOIDAGE IN TOTAL
 0: GCONINJE
 0: 'FIELD'  'WAT'  'VREP'   3*   0.8  /
 0: /
 0: 
 0: -- CLOSE A CONNECTION WHEN ITS WATER CUT EXCEEDS 0.7
 0: CECON
 0: 'P*'  4*   0.7  /
 0: /
 0: 
 0: -- BUT ALLOW ONLY ONE WORKOVER IN ANY TIME STEP OF 100 DAYS
 0: WORKLIM
 0: 101 /
 0: 
 0: -- STEPS TO 900 DAYS
 0: TSTEP
 0: 50  50  8*100
 0: /
 0: 
 0: END

 ******** END OF INPUT DATA FOR RUN WLIFT
     1 READING RUNSPEC 
     2 READING TITLE   
     3 READING DIMENS  
     4 READING NONNC   
     5 READING OIL     
     6 READING WATER   
     7 READING METRIC  
     8 READING WELLDIMS
     9 READING VFPPDIMS
    10 READING START   
    11 READING NSTACK  
    12 READING GRID    

 @--MESSAGE  AT TIME        0.0   DAYS    ( 1-JAN-1983):
 @           CHECKING FOR LICENSES                                           

 @--MESSAGE  AT TIME        0.0   DAYS    ( 1-JAN-1983):
 @           THE MEMORY REQUIRED TO PROCESS THE GRID SECTION IS              
 @                71084 BYTES                                                
    13 READING NOGGF   
    14 READING EQUALS  
    15 READING BOX     
    16 READING TOPS    
    17 READING ENDBOX  
    18 READING RPTGRID 
    19 READING PROPS   

 @--MESSAGE  AT TIME        0.0   DAYS    ( 1-JAN-1983):
 @           UNSPECIFIED TOPS VALUES OBTAINED BY ADDING DZ                   
 @           TO TOPS VALUE FOR LAYER ABOVE                                   

 @--MESSAGE  AT TIME        0.0   DAYS    ( 1-JAN-1983):
 @           NEITHER OLDTRAN,OLDTRANR NOR NEWTRAN SPECIFIED                  
 @           BLOCK CENTRE TRANSMISSIBILITIES TO BE CALCULATED                
 @           USING  OLDTRAN                                                  
1                             **********************************************************************   1
  DEPTH    AT     0.00   DAYS *   TEST FOR AUTOMATIC LIFT SWITCHING, DOWNTIME, DELAYED WORKOVERS       * ECLIPSE  VERSION 2009.1     
  REPORT   0     1 JAN 1983   *  RUN                                                                   * RUN AT 10:17 ON 13 AUG 2015 
                              **************************************************************************

 UNITS  METRES         

 MINIMUM VALUE =   2005.0  AT (  5,  5,  1)     MAXIMUM VALUE =   2217.0  AT (  1,  1,  2)                                           

 (I,  J,  K) I=  1       2       3       4       5       6       7       8       9

 (*,  1,  1)   2207.0  2150.0  2110.0  2085.0  2077.0  2085.0  2110.0  2150.0  2207.0
 (*,  2,  1)   2175.0  2118.0  2078.0  2054.0  2046.0  2054.0  2078.0  2118.0  2175.0
 (*,  3,  1)   2152.0  2095.0  2055.0  2031.0  2023.0  2031.0  2055.0  2095.0  2152.0
 (*,  4,  1)   2138.0  2082.0  2042.0  2018.0  2010.0  2018.0  2042.0  2082.0  2138.0
 (*,  5,  1)   2134.0  2077.0  2037.0  2013.0  2005.0  2013.0  2037.0  2077.0  2134.0
 (*,  6,  1)   2138.0  2082.0  2042.0  2018.0  2010.0  2018.0  2042.0  2082.0  2138.0
 (*,  7,  1)   2152.0  2095.0  2055.0  2031.0  2023.0  2031.0  2055.0  2095.0  2152.0
 (*,  8,  1)   2175.0  2118.0  2078.0  2054.0  2046.0  2054.0  2078.0  2118.0  2175.0
 (*,  9,  1)   2207.0  2150.0  2110.0  2085.0  2077.0  2085.0  2110.0  2150.0  2207.0

 (I,  J,  K) I=  1       2       3       4       5       6       7       8       9

 (*,  1,  2)   2217.0  2160.0  2120.0  2095.0  2087.0  2095.0  2120.0  2160.0  2217.0
 (*,  2,  2)   2185.0  2128.0  2088.0  2064.0  2056.0  2064.0  2088.0  2128.0  2185.0
 (*,  3,  2)   2162.0  2105.0  2065.0  2041.0  2033.0  2041.0  2065.0  2105.0  2162.0
 (*,  4,  2)   2148.0  2092.0  2052.0  2028.0  2020.0  2028.0  2052.0  2092.0  2148.0
 (*,  5,  2)   2144.0  2087.0  2047.0  2023.0  2015.0  2023.0  2047.0  2087.0  2144.0
 (*,  6,  2)   2148.0  2092.0  2052.0  2028.0  2020.0  2028.0  2052.0  2092.0  2148.0
 (*,  7,  2)   2162.0  2105.0  2065.0  2041.0  2033.0  2041.0  2065.0  2105.0  2162.0
 (*,  8,  2)   2185.0  2128.0  2088.0  2064.0  2056.0  2064.0  2088.0  2128.0  2185.0
 (*,  9,  2)   2217.0  2160.0  2120.0  2095.0  2087.0  2095.0  2120.0  2160.0  2217.0

 @--MESSAGE  AT TIME        0.0   DAYS    ( 1-JAN-1983):
 @           NUMBER OF ACTIVE CELLS IS 162                                   

 @--MESSAGE  AT TIME        0.0   DAYS    ( 1-JAN-1983):
 @           THE MEMORY REQUIRED TO PROCESS THE SOLUTION SECTION IS          
 @               443468 BYTES                                                

 @--MESSAGE  AT TIME        0.0   DAYS    ( 1-JAN-1983):
 @              58654 CHARACTER VARIABLES USED                               
    20 READING SWFN    
    21 READING SOF2    
    22 READING PVTW    
    23 READING ROCK    
    24 READING DENSITY 
    25 READING PVDO    
    26 READING RSCONST 
    27 READING RPTPROPS
    28 READING SOLUTION
1                             **********************************************************************   2
  PVDO     AT     0.00   DAYS *   TEST FOR AUTOMATIC LIFT SWITCHING, DOWNTIME, DELAYED WORKOVERS       * ECLIPSE  VERSION 2009.1     
  REPORT   0     1 JAN 1983   *  RUN                                                                   * RUN AT 10:17 ON 13 AUG 2015 
                              **************************************************************************

 ---------------------------
 DEAD OIL PVT DATA TABLE   1
 ---------------------------

 PRESSURE     BO       VO   
   BARSA   RM3/SM3  CPOISE 

   100.00   1.0500   1.0000
   530.00   1.0100   1.0000


 THE OIL CONTAINS A CONSTANT AND UNIFORM DISSOLVED GAS CONCENTRATION OF   1.0000E+02   SM3/SM3
 THE RUN WILL TERMINATE IF THE PRESSURE DROPS BELOW THE BUBBLE POINT    210.00    BARSA 
    29 READING EQUIL   
    30 READING RPTSOL  
    31 READING SUMMARY 
1                             **********************************************************************   3
  EQUIL    AT     0.00   DAYS *   TEST FOR AUTOMATIC LIFT SWITCHING, DOWNTIME, DELAYED WORKOVERS       * ECLIPSE  VERSION 2009.1     
  REPORT   0     1 JAN 1983   *  RUN                                                                   * RUN AT 10:17 ON 13 AUG 2015 
                              **************************************************************************


                                                  ------------------
                                                  EQUILIBRATION DATA
                                                  ------------------

 REGION   DATUM     DATUM    WOC (OR GWC)   PCOW AT WOC     GOC       PCOG    RSVD  RVVD  NUMBER OF INTEGRATION
 NUMBER   DEPTH     PRESS       DEPTH      (PCGW AT GWC)   DEPTH     AT GOC   TABL  TABL  LEVELS PER HALF CELL
         METRES     BARSA      METRES         BARS        METRES     BARS      NO    NO

    1    2070.00   400.000     2120.00             0                                       10  (TILTED BLOCK INTEGRATION)            
1                             **********************************************************************   4
  PRESSURE AT     0.00   DAYS *   TEST FOR AUTOMATIC LIFT SWITCHING, DOWNTIME, DELAYED WORKOVERS       * ECLIPSE  VERSION 2009.1     
  REPORT   0     1 JAN 1983   *  RUN                                                                   * RUN AT 10:17 ON 13 AUG 2015 
                              **************************************************************************

 UNITS   BARSA         

 MINIMUM VALUE =  394.391  AT (  5,  5,  1)     MAXIMUM VALUE =  413.799  AT (  1,  1,  2)                                           

 (I,  J,  K) I=  1       2       3       4       5       6       7       8       9

 (*,  1,  1)  412.821 407.249 403.453 401.295 400.604 401.295 403.453 407.249 412.821
 (*,  2,  1)  409.693 404.144 400.691 398.619 397.929 398.619 400.691 404.144 409.693
 (*,  3,  1)  407.444 402.158 398.705 396.634 395.944 396.634 398.705 402.158 407.444
 (*,  4,  1)  406.076 401.036 397.583 395.512 394.822 395.512 397.583 401.036 406.076
 (*,  5,  1)  405.685 400.604 397.152 395.081 394.391 395.081 397.152 400.604 405.685
 (*,  6,  1)  406.076 401.036 397.583 395.512 394.822 395.512 397.583 401.036 406.076
 (*,  7,  1)  407.444 402.158 398.705 396.634 395.944 396.634 398.705 402.158 407.444
 (*,  8,  1)  409.693 404.144 400.691 398.619 397.929 398.619 400.691 404.144 409.693
 (*,  9,  1)  412.821 407.249 403.453 401.295 400.604 401.295 403.453 407.249 412.821

 (I,  J,  K) I=  1       2       3       4       5       6       7       8       9

 (*,  1,  2)  413.799 408.226 404.317 402.158 401.468 402.158 404.317 408.226 413.799
 (*,  2,  2)  410.670 405.099 401.554 399.482 398.792 399.482 401.554 405.099 410.670
 (*,  3,  2)  408.422 403.022 399.568 397.497 396.807 397.497 399.568 403.022 408.422
 (*,  4,  2)  407.053 401.899 398.446 396.375 395.685 396.375 398.446 401.899 407.053
 (*,  5,  2)  406.662 401.468 398.015 395.944 395.253 395.944 398.015 401.468 406.662
 (*,  6,  2)  407.053 401.899 398.446 396.375 395.685 396.375 398.446 401.899 407.053
 (*,  7,  2)  408.422 403.022 399.568 397.497 396.807 397.497 399.568 403.022 408.422
 (*,  8,  2)  410.670 405.099 401.554 399.482 398.792 399.482 401.554 405.099 410.670
 (*,  9,  2)  413.799 408.226 404.317 402.158 401.468 402.158 404.317 408.226 413.799
1                             **********************************************************************   5
  SWAT     AT     0.00   DAYS *   TEST FOR AUTOMATIC LIFT SWITCHING, DOWNTIME, DELAYED WORKOVERS       * ECLIPSE  VERSION 2009.1     
  REPORT   0     1 JAN 1983   *  RUN                                                                   * RUN AT 10:17 ON 13 AUG 2015 
                              **************************************************************************

 UNITS                 

 MINIMUM VALUE =  0.22000  AT (  4,  3,  1)     MAXIMUM VALUE =  1.00000  AT (  1,  1,  1)                                           

 (I,  J,  K) I=  1       2       3       4       5       6       7       8       9

 (*,  1,  1)  1.00000 0.99534 0.65913 0.27097 0.23566 0.27097 0.65913 0.99534 1.00000
 (*,  2,  1)  1.00000 0.77130 0.24846 0.22291 0.22000 0.22291 0.24846 0.77130 1.00000
 (*,  3,  1)  0.99845 0.42578 0.22007 0.22000 0.22000 0.22000 0.22007 0.42578 0.99845
 (*,  4,  1)  0.96538 0.27764 0.22000 0.22000 0.22000 0.22000 0.22000 0.27764 0.96538
 (*,  5,  1)  0.93610 0.25029 0.22000 0.22000 0.22000 0.22000 0.22000 0.25029 0.93610
 (*,  6,  1)  0.96538 0.27764 0.22000 0.22000 0.22000 0.22000 0.22000 0.27764 0.96538
 (*,  7,  1)  0.99845 0.42578 0.22007 0.22000 0.22000 0.22000 0.22007 0.42578 0.99845
 (*,  8,  1)  1.00000 0.77130 0.24846 0.22291 0.22000 0.22291 0.24846 0.77130 1.00000
 (*,  9,  1)  1.00000 0.99534 0.65913 0.27097 0.23566 0.27097 0.65913 0.99534 1.00000

 (I,  J,  K) I=  1       2       3       4       5       6       7       8       9

 (*,  1,  2)  1.00000 0.99992 0.82726 0.37271 0.27542 0.37271 0.82726 0.99992 1.00000
 (*,  2,  2)  1.00000 0.88938 0.31083 0.22108 0.22000 0.22108 0.31083 0.88938 1.00000
 (*,  3,  2)  1.00000 0.57726 0.22265 0.22000 0.22000 0.22000 0.22265 0.57726 1.00000
 (*,  4,  2)  0.99793 0.37830 0.22000 0.22000 0.22000 0.22000 0.22000 0.37830 0.99793
 (*,  5,  2)  0.99090 0.31937 0.22000 0.22000 0.22000 0.22000 0.22000 0.31937 0.99090
 (*,  6,  2)  0.99793 0.37830 0.22000 0.22000 0.22000 0.22000 0.22000 0.37830 0.99793
 (*,  7,  2)  1.00000 0.57726 0.22265 0.22000 0.22000 0.22000 0.22265 0.57726 1.00000
 (*,  8,  2)  1.00000 0.88938 0.31083 0.22108 0.22000 0.22108 0.31083 0.88938 1.00000
 (*,  9,  2)  1.00000 0.99992 0.82726 0.37271 0.27542 0.37271 0.82726 0.99992 1.00000
1                             **********************************************************************   6
  BALANCE  AT     0.00   DAYS *   TEST FOR AUTOMATIC LIFT SWITCHING, DOWNTIME, DELAYED WORKOVERS       * ECLIPSE  VERSION 2009.1     
  REPORT   0     1 JAN 1983   *  RUN                                                                   * RUN AT 10:17 ON 13 AUG 2015 
                              **************************************************************************


                                                     ==================================================
                                                     :               FIELD TOTALS                     :
                                                     :         PAV =        399.07  BARSA             :
                                                     :         PORV=     58320000.   RM3              :
                                                     :(PRESSURE IS WEIGHTED BY HYDROCARBON PORE VOLUME:
                                                     : PORE VOLUMES ARE TAKEN AT REFERENCE CONDITIONS):
                           :--------------- OIL    SM3  ---------------:-- WAT    SM3  -:--------------- GAS    SM3  ---------------:
                           :     LIQUID         VAPOUR         TOTAL   :       TOTAL    :       FREE      DISSOLVED         TOTAL   :
 :-------------------------:-------------------------------------------:----------------:-------------------------------------------:
 :CURRENTLY IN PLACE       :     27775745.                    27775745.:      29473760. :                 2777574452.    2777574452.:
 :-------------------------:-------------------------------------------:----------------:-------------------------------------------:
 :OUTFLOW THROUGH WELLS    :                                         0.:             0. :                                         0.:
 :WELL  MATERIAL BAL. ERROR:                                         0.:             0. :                                         0.:
 :FIELD MATERIAL BAL. ERROR:                                         0.:             0. :                                         0.:
 :-------------------------:-------------------------------------------:----------------:-------------------------------------------:
 :ORIGINALLY IN PLACE      :     27775745.                    27775745.:      29473760. :                 2777574452.    2777574452.:
 ====================================================================================================================================


                                             ===========================================
                                             : FIPNUM REGION AVERAGED GRID QUANTITIES  :
                                             :        ( WEIGHTED BY PORE VOLUMES       :
                                             :          AT REFERENCE CONDITIONS )      :
 :----------:--------------:--------------:--------------:--------------:--------------:                                             
 :  REGION  :     PERMX    :     PERMY    :     PERMZ    :      PORO    :      DZ      :                                             
 :----------:--------------:--------------:--------------:--------------:--------------:                                             
 :   FIELD  :    400.000   :    300.000   :     30.000   :    0.30000   :      10.00   :                                             
 =======================================================================================


                                                     ===================================
                                                     :  FIPNUM OIL RECOVERY FACTORS    :
 :---------:-----------------------------:---------------------------------------------:--------------------------------------------:
 :         :                             : RATIO OF       RATIO OF       RATIO OF      : RATIO OF       RATIO OF       RATIO OF     :
 : REGION  : MOBILE OIIP    MOBILE OIIP  : DISPLACED OIL  DISPLACED OIL  DISPLACED OIL : WELL FLOW      WELL FLOW      WELL FLOW    :
 :         : (W.R.T WATER)  (W.R.T GAS)  : TO INITIAL     TO INITIAL     TO INITIAL    : TO INITIAL     TO INITIAL     TO INITIAL   :
 :         :                             : OIP            MOBILE OIL     MOBILE OIL    : OIP            MOBILE OIL     MOBILE OIL   :
 :         :                             :                (WATER)        (GAS)         :                (WATER)        (GAS)        :
 :---------:-----------------------------:---------------------------------------------:--------------------------------------------:
 :   FIELD :    2.588E+07                :         0              0                    :         0              0                   :
 ====================================================================================================================================
    32 READING FOPR    
    33 READING FWCT    
    34 READING WOPR    
    35 READING WWCT    
    36 READING WTHP    
    37 READING RUNSUM  
    38 READING SCHEDULE
    39 READING RPTSCHED
    40 READING NOECHO  
    41 READING VFPPROD 

 @--WARNING  AT TIME        0.0   DAYS    ( 1-JAN-1983):
 @           PRODUCTION WELL VFP TABLE   1 CONTAINS AT LEAST ONE             
 @           POINT WHERE THE BHP INCREASES WITH DECREASING THP.              
 @           AT POINT (FLOW, THP, WFR, GFR, ALQ) =    1   1   1   2   2      
 @           THE BHP =   1.43364E+02   BARSA .                               
 @           IF THIS BHP VALUE INDICATES THE FLOW IS CHOKED OR               
 @           EXCEEDS EROSION VELOCITY LIMITS, IT MAY BE CORRECT              
 @           AND THE CHECK MAY BE THRESHOLDED WITH KEYWORD VFPCHK.           
 @           OTHERWISE YOU SHOULD EXAMINE THE TABLE WITH VFPi AS             
 @           IT COULD CAUSE WELL CONVERGENCE OR HUNTING PROBLEMS.            
1                             **********************************************************************   7
  VFP TAB  AT     0.00   DAYS *   TEST FOR AUTOMATIC LIFT SWITCHING, DOWNTIME, DELAYED WORKOVERS       * ECLIPSE  VERSION 2009.1     
  REPORT   0     1 JAN 1983   *  RUN                                                                   * RUN AT 10:17 ON 13 AUG 2015 
                              **************************************************************************

                                                   PRODUCTION WELL VFP TABLE  1
                                                   ----------------------------

                                     BHP (  BARSA )  VS  LIQUID PRODUCTION RATE ( SM3/DAY)
                                                     VS  THP (  BARSA )
                                                     VS  WATER CUT        (FRACTION)
                                                     VS  GAS-OIL RATIO    ( SM3/SM3)
                                                     VS  ARTIFICIAL LIFT QUANTITY      

                                              BHP DATUM DEPTH =   2000.0  METRES 


                                          ARTIFICIAL LIFT QUANTITY =   0.00000D+00         

   -----------------------------------------------------------------------------------------------------------------------------
   :        :            :            :                                LIQUID RATE ( SM3/DAY) =                                :
   :        :            :            :      1000.      2000.      3000.      4000.      5000.      6000.      7000.      8000.:     
   :        :            :            :      9000.     10000.                                                                  :     
   :   THP  :     WCT    :     GOR    :----------------------------------------------------------------------------------------:
   :  BARSA :  FRACTION  :   SM3/SM3  :                                     BHP (  BARSA )                                     :
   -----------------------------------------------------------------------------------------------------------------------------
   :    30.0:  0.0000D+00:  0.2000D+02:      178.9      180.6      183.2      186.8      191.3      196.7      203.0      210.2:     
   :        :            :            :      218.3      227.2                                                                  :     
   :    80.0:  0.0000D+00:  0.2000D+02:      229.2      230.9      233.6      237.2      241.7      247.1      253.4      260.5:     
   :        :            :            :      268.6      277.6                                                                  :     
   :   150.0:  0.0000D+00:  0.2000D+02:      299.4      301.1      303.8      307.4      311.9      317.3      323.6      330.8:     
   :        :            :            :      338.9      347.9                                                                  :     
   -----------------------------------------------------------------------------------------------------------------------------
   :    30.0:  4.0000D-01:  0.2000D+02:      197.7      199.5      202.2      206.0      210.7      216.3      222.9      230.4:     
   :        :            :            :      238.9      248.3                                                                  :     
   :    80.0:  4.0000D-01:  0.2000D+02:      248.1      249.8      252.6      256.3      261.0      266.6      273.2      280.7:     
   :        :            :            :      289.2      298.6                                                                  :     
   :   150.0:  4.0000D-01:  0.2000D+02:      318.4      320.2      322.9      326.7      331.3      337.0      343.6      351.1:     
   :        :            :            :      359.6      369.0                                                                  :     
   -----------------------------------------------------------------------------------------------------------------------------
   :    30.0:  8.0000D-01:  0.2000D+02:      217.6      219.4      222.2      226.0      230.8      236.7      243.5      251.3:     
   :        :            :            :      260.2      270.0                                                                  :     
   :    80.0:  8.0000D-01:  0.2000D+02:      268.0      269.8      272.6      276.4      281.2      287.1      293.9      301.7:     
   :        :            :            :      310.5      320.3                                                                  :     
   :   150.0:  8.0000D-01:  0.2000D+02:      338.5      340.3      343.1      346.9      351.7      357.5      364.3      372.1:     
   :        :            :            :      380.9      390.7                                                                  :     
   -----------------------------------------------------------------------------------------------------------------------------
   :    30.0:  0.0000D+00:  0.1000D+03:      143.4      144.9      150.6      158.6      168.1      178.6      190.1      202.4:     
   :        :            :            :      215.6      229.6                                                                  :     
   :    80.0:  0.0000D+00:  0.1000D+03:      213.3      215.3      218.6      223.2      229.0      236.0      244.2      253.6:     
   :        :            :            :      264.1      275.8                                                                  :     
   :   150.0:  0.0000D+00:  0.1000D+03:      285.9      288.0      291.2      295.7      301.3      308.1      316.0      325.1:     
   :        :            :            :      335.4      346.8                                                                  :     
   -----------------------------------------------------------------------------------------------------------------------------
   :    30.0:  4.0000D-01:  0.1000D+03:      171.5      172.2      176.2      182.1      189.6      198.4      208.3      219.2:     
   :        :            :            :      231.2      244.1                                                                  :     
   :    80.0:  4.0000D-01:  0.1000D+03:      235.5      237.3      240.5      244.8      250.3      256.9      264.6      273.5:     
   :        :            :            :      283.5      294.6                                                                  :     
   :   150.0:  4.0000D-01:  0.1000D+03:      307.4      309.4      312.5      316.7      322.1      328.5      336.1      344.8:     
   :        :            :            :      354.6      365.5                                                                  :     
   -----------------------------------------------------------------------------------------------------------------------------
   :    30.0:  8.0000D-01:  0.1000D+03:      206.7      207.8      210.7      215.0      220.6      227.3      235.2      244.2:     
   :        :            :            :      254.2      265.3                                                                  :     
   :    80.0:  8.0000D-01:  0.1000D+03:      262.5      264.3      267.2      271.3      276.3      282.5      289.7      298.0:     
   :        :            :            :      307.3      317.7                                                                  :     
   :   150.0:  8.0000D-01:  0.1000D+03:      333.6      335.5      338.4      342.4      347.4      353.5      360.6      368.8:     
   :        :            :            :      378.1      388.4                                                                  :     
   -----------------------------------------------------------------------------------------------------------------------------


                                          ARTIFICIAL LIFT QUANTITY =   0.50000D+02         

   -----------------------------------------------------------------------------------------------------------------------------
   :        :            :            :                                LIQUID RATE ( SM3/DAY) =                                :
   :        :            :            :      1000.      2000.      3000.      4000.      5000.      6000.      7000.      8000.:     
   :        :            :            :      9000.     10000.                                                                  :     
   :   THP  :     WCT    :     GOR    :----------------------------------------------------------------------------------------:
   :  BARSA :  FRACTION  :   SM3/SM3  :                                     BHP (  BARSA )                                     :
   -----------------------------------------------------------------------------------------------------------------------------
   :    30.0:  0.0000D+00:  0.2000D+02:       71.5       77.9       88.6      101.4      117.9      137.2      159.5      185.2:     
   :        :            :            :      213.3      227.2                                                                  :     
   :    80.0:  0.0000D+00:  0.2000D+02:      121.8      128.1      138.8      151.6      168.2      187.4      209.8      235.4:     
   :        :            :            :      263.6      277.6                                                                  :     
   :   150.0:  0.0000D+00:  0.2000D+02:      191.8      198.2      208.9      221.8      238.3      257.6      280.0      305.7:     
   :        :            :            :      333.8      347.9                                                                  :     
   -----------------------------------------------------------------------------------------------------------------------------
   :    30.0:  4.0000D-01:  0.2000D+02:       76.7       83.3       94.9      108.3      126.2      146.4      170.6      197.5:     
   :        :            :            :      228.0      248.3                                                                  :     
   :    80.0:  4.0000D-01:  0.2000D+02:      126.9      133.5      145.0      158.5      176.4      196.6      220.8      247.7:     
   :        :            :            :      278.1      298.6                                                                  :     
   :   150.0:  4.0000D-01:  0.2000D+02:      197.0      203.6      215.2      228.6      246.5      266.6      290.8      317.7:     
   :        :            :            :      348.2      369.0                                                                  :     
   -----------------------------------------------------------------------------------------------------------------------------
   :    30.0:  8.0000D-01:  0.2000D+02:       82.0       88.9      101.3      115.2      134.4      155.4      181.3      209.3:     
   :        :            :            :      242.0      270.0                                                                  :     
   :    80.0:  8.0000D-01:  0.2000D+02:      132.2      139.0      151.4      165.3      184.5      205.4      231.3      259.2:     
   :        :            :            :      291.9      320.3                                                                  :     
   :   150.0:  8.0000D-01:  0.2000D+02:      202.3      209.1      221.5      235.3      254.5      275.4      301.3      329.1:     
   :        :            :            :      361.8      390.7                                                                  :     
   -----------------------------------------------------------------------------------------------------------------------------
   :    30.0:  0.0000D+00:  0.1000D+03:      143.4      144.9       71.1       91.2      115.8      143.6      176.2      202.4:     
   :        :            :            :      215.6      229.6                                                                  :     
   :    80.0:  0.0000D+00:  0.1000D+03:      116.9      125.3      137.3      154.8      175.4      199.9      229.3      253.6:     
   :        :            :            :      264.1      275.8                                                                  :     
   :   150.0:  0.0000D+00:  0.1000D+03:      188.8      197.2      209.3      226.5      247.0      271.3      300.4      325.1:     
   :        :            :            :      335.4      346.8                                                                  :     
   -----------------------------------------------------------------------------------------------------------------------------
   :    30.0:  4.0000D-01:  0.1000D+03:       58.9       65.9       79.4       97.9      119.3      146.3      175.8      209.6:     
   :        :            :            :      231.2      244.1                                                                  :     
   :    80.0:  4.0000D-01:  0.1000D+03:      123.0      131.0      143.3      159.8      179.1      203.9      231.3      263.2:     
   :        :            :            :      283.5      294.6                                                                  :     
   :   150.0:  4.0000D-01:  0.1000D+03:      194.3      202.4      214.7      231.1      250.3      274.9      302.1      333.8:     
   :        :            :            :      354.6      365.5                                                                  :     
   -----------------------------------------------------------------------------------------------------------------------------
   :    30.0:  8.0000D-01:  0.1000D+03:       74.8       81.5       94.3      109.8      129.9      153.2      180.4      211.4:     
   :        :            :            :      245.6      265.3                                                                  :     
   :    80.0:  8.0000D-01:  0.1000D+03:      130.5      137.8      150.5      165.5      185.2      207.8      234.4      264.6:     
   :        :            :            :      298.1      317.7                                                                  :     
   :   150.0:  8.0000D-01:  0.1000D+03:      201.1      208.4      221.1      236.0      255.7      278.2      304.7      334.7:     
   :        :            :            :      368.2      388.4                                                                  :     
   -----------------------------------------------------------------------------------------------------------------------------
    42 READING ECHO    
    43 READING WELSPECS
    44 READING COMPDAT 
    45 READING WCONPROD
    46 READING WCONINJE
    47 READING WEFAC   
    48 READING WLIFT   
    49 READING GCONPROD
    50 READING GCONINJE

 @--MESSAGE  AT TIME        0.0   DAYS    ( 1-JAN-1983):
 @           THE TOP-UP PHASE IS SET TO WATER AS                             
 @           GROUP FIELD    HAS A TARGET OR LIMIT RESERVOIR                  
 @           VOLUME RATE OR VOIDAGE REPLACEMENT FRACTION                     
 @           FOR WATER INJECTION CONTROL                                     
    51 READING CECON   
    52 READING WORKLIM 
    53 READING TSTEP   
1                             **********************************************************************   8
  WELSPECS AT     0.00   DAYS *   TEST FOR AUTOMATIC LIFT SWITCHING, DOWNTIME, DELAYED WORKOVERS       * ECLIPSE  VERSION 2009.1     
  REPORT   0     1 JAN 1983   *  RUN                                                                   * RUN AT 10:17 ON 13 AUG 2015 
                              **************************************************************************


                                                       WELL SPECIFICATION DATA
                                                       -----------------------

      -------------------------------------------------------------------------------------------------------------------------
      :   WELL   :   GROUP  : WELLHEAD :  B.H.REF : PREF- : DRAINAGE : GAS  : SHUT-IN : CROSS : PVT : WELL : FIP :    WELL    :
      :   NAME   :   NAME   : LOCATION :   DEPTH  : ERRED :  RADIUS  : INFL : INSTRCT : FLOW  : TAB : DENS : REG :  D-FACTOR  :
      :          :          : ( I, J ) :  METRES  : PHASE :  METRES  : EQUN :         : ABLTY :     : CALC :     :   DAY/SM3  :
      -------------------------------------------------------------------------------------------------------------------------
      : P24      : G1       :   2,   4 :   2082.0 :  OIL  : CALC POT : STD  :   SHUT  :  YES  :  1  :  SEG :  0  :          0 :
      : P26      : G1       :   2,   6 :   2082.0 :  OIL  : CALC POT : STD  :   SHUT  :  YES  :  1  :  SEG :  0  :          0 :
      : P37      : G1       :   3,   7 :   2055.0 :  OIL  : CALC POT : STD  :   SHUT  :  YES  :  1  :  SEG :  0  :          0 :
      : P45      : G1       :   4,   5 :   2013.0 :  OIL  : CALC POT : STD  :   SHUT  :  YES  :  1  :  SEG :  0  :          0 :
      : P53      : G2       :   5,   3 :   2023.0 :  OIL  : CALC POT : STD  :   SHUT  :  YES  :  1  :  SEG :  0  :          0 :
      : P64      : G2       :   6,   4 :   2018.0 :  OIL  : CALC POT : STD  :   SHUT  :  YES  :  1  :  SEG :  0  :          0 :
      : P75      : G2       :   7,   5 :   2037.0 :  OIL  : CALC POT : STD  :   SHUT  :  YES  :  1  :  SEG :  0  :          0 :
      : I11      : G1       :   1,   1 :   2207.0 :  WAT  : CALC POT : STD  :   SHUT  :  YES  :  1  :  SEG :  0  :          0 :
      : I13      : G1       :   1,   3 :   2152.0 :  WAT  : CALC POT : STD  :   SHUT  :  YES  :  1  :  SEG :  0  :          0 :
      : I17      : G1       :   1,   7 :   2152.0 :  WAT  : CALC POT : STD  :   SHUT  :  YES  :  1  :  SEG :  0  :          0 :
      : I19      : G1       :   1,   9 :   2207.0 :  WAT  : CALC POT : STD  :   SHUT  :  YES  :  1  :  SEG :  0  :          0 :
      -------------------------------------------------------------------------------------------------------------------------


                                                         WELL CONNECTION DATA
                                                         --------------------

  ----------------------------------------------------------------------------------------------------------------------------------
  :  WELL   :    GRID    : CMPL:  CENTRE : OPEN: SAT :CONNECTION:  INT   :  K  H   :  SKIN  : CONNECTION : SATURATION SCALING DATA :
  :  NAME   :    BLOCK   :  NO :  DEPTH  : SHUT: TAB :  FACTOR* :  DIAM  :  VALUE  : FACTOR :  D-FACTOR  : SWMIN SWMAX SGMIN SGMAX :
  :         :            :     :  METRES :     :     : CPM3/D/B : METRES : MD-METRE:        :   DAY/SM3  :                         :
  ----------------------------------------------------------------------------------------------------------------------------------
  : P24     :   2,  4,  1:   1 :   2082.0: OPEN:  0  :    25.683:  0.1000:   3464.1:       0:           0:                         : 
  : P24     :   2,  4,  2:   2 :   2092.0: OPEN:  0  :    25.683:  0.1000:   3464.1:       0:           0:                         : 
  ----------------------------------------------------------------------------------------------------------------------------------
  : P26     :   2,  6,  1:   1 :   2082.0: OPEN:  0  :    25.683:  0.1000:   3464.1:       0:           0:                         : 
  : P26     :   2,  6,  2:   2 :   2092.0: OPEN:  0  :    25.683:  0.1000:   3464.1:       0:           0:                         : 
  ----------------------------------------------------------------------------------------------------------------------------------
  : P37     :   3,  7,  1:   1 :   2055.0: OPEN:  0  :    25.683:  0.1000:   3464.1:       0:           0:                         : 
  : P37     :   3,  7,  2:   2 :   2065.0: OPEN:  0  :    25.683:  0.1000:   3464.1:       0:           0:                         : 
  ----------------------------------------------------------------------------------------------------------------------------------
  : P45     :   4,  5,  1:   1 :   2013.0: OPEN:  0  :    25.683:  0.1000:   3464.1:       0:           0:                         : 
  : P45     :   4,  5,  2:   2 :   2023.0: OPEN:  0  :    25.683:  0.1000:   3464.1:       0:           0:                         : 
  ----------------------------------------------------------------------------------------------------------------------------------
  : P53     :   5,  3,  1:   1 :   2023.0: OPEN:  0  :    25.683:  0.1000:   3464.1:       0:           0:                         : 
  : P53     :   5,  3,  2:   2 :   2033.0: OPEN:  0  :    25.683:  0.1000:   3464.1:       0:           0:                         : 
  ----------------------------------------------------------------------------------------------------------------------------------
  : P64     :   6,  4,  1:   1 :   2018.0: OPEN:  0  :    25.683:  0.1000:   3464.1:       0:           0:                         : 
  : P64     :   6,  4,  2:   2 :   2028.0: OPEN:  0  :    25.683:  0.1000:   3464.1:       0:           0:                         : 
  ----------------------------------------------------------------------------------------------------------------------------------
  : P75     :   7,  5,  1:   1 :   2037.0: OPEN:  0  :    25.683:  0.1000:   3464.1:       0:           0:                         : 
  : P75     :   7,  5,  2:   2 :   2047.0: OPEN:  0  :    25.683:  0.1000:   3464.1:       0:           0:                         : 
  ----------------------------------------------------------------------------------------------------------------------------------
  : I11     :   1,  1,  1:   1 :   2207.0: OPEN:  0  :    25.683:  0.1000:   3464.1:       0:           0:                         : 
  : I11     :   1,  1,  2:   2 :   2217.0: OPEN:  0  :    25.683:  0.1000:   3464.1:       0:           0:                         : 
  ----------------------------------------------------------------------------------------------------------------------------------
  : I13     :   1,  3,  1:   1 :   2152.0: OPEN:  0  :    25.683:  0.1000:   3464.1:       0:           0:                         : 
  : I13     :   1,  3,  2:   2 :   2162.0: OPEN:  0  :    25.683:  0.1000:   3464.1:       0:           0:                         : 
  ----------------------------------------------------------------------------------------------------------------------------------
  : I17     :   1,  7,  1:   1 :   2152.0: OPEN:  0  :    25.683:  0.1000:   3464.1:       0:           0:                         : 
  : I17     :   1,  7,  2:   2 :   2162.0: OPEN:  0  :    25.683:  0.1000:   3464.1:       0:           0:                         : 
  ----------------------------------------------------------------------------------------------------------------------------------
  : I19     :   1,  9,  1:   1 :   2207.0: OPEN:  0  :    25.683:  0.1000:   3464.1:       0:           0:                         : 
  : I19     :   1,  9,  2:   2 :   2217.0: OPEN:  0  :    25.683:  0.1000:   3464.1:       0:           0:                         : 
  ----------------------------------------------------------------------------------------------------------------------------------
  * CONNECTION FACTORS IN THE ABOVE TABLE DO NOT INCLUDE MODIFIERS FOR ROCK COMPACTION, SCALE DAMAGE AND PI MULTIPLIER TABLES.
    SEE SUMMARY OUTPUT FOR MODIFIED CONNECTION FACTORS.


                                                 ECONOMIC LIMITS FOR WELL CONNECTIONS
                                                 ------------------------------------

                  --------------------------------------------------------------------------------------------------
                  :   WELL   :   GRID   :    MAX    :    MAX    :    MAX    :    MIN    :    MIN    :ACTION: TEST  :
                  :   NAME   :   BLOCK  : WATER CUT :   G.O.R.  :   W.G.R.  :  OIL RATE : GAS RATE  :      :STOPPED:
                  :          :          :           :   SM3/SM3 :   SM3/SM3 :   SM3/DAY :   SM3/DAY :      :WELLS ?:
                  --------------------------------------------------------------------------------------------------
                  : P24      :  2, 4, 1 :   0.70000 :           :           :           :           :  CON :   NO  :                 
                  : P24      :  2, 4, 2 :   0.70000 :           :           :           :           :  CON :   NO  :                 
                  --------------------------------------------------------------------------------------------------
                  : P26      :  2, 6, 1 :   0.70000 :           :           :           :           :  CON :   NO  :                 
                  : P26      :  2, 6, 2 :   0.70000 :           :           :           :           :  CON :   NO  :                 
                  --------------------------------------------------------------------------------------------------
                  : P37      :  3, 7, 1 :   0.70000 :           :           :           :           :  CON :   NO  :                 
                  : P37      :  3, 7, 2 :   0.70000 :           :           :           :           :  CON :   NO  :                 
                  --------------------------------------------------------------------------------------------------
                  : P45      :  4, 5, 1 :   0.70000 :           :           :           :           :  CON :   NO  :                 
                  : P45      :  4, 5, 2 :   0.70000 :           :           :           :           :  CON :   NO  :                 
                  --------------------------------------------------------------------------------------------------
                  : P53      :  5, 3, 1 :   0.70000 :           :           :           :           :  CON :   NO  :                 
                  : P53      :  5, 3, 2 :   0.70000 :           :           :           :           :  CON :   NO  :                 
                  --------------------------------------------------------------------------------------------------
                  : P64      :  6, 4, 1 :   0.70000 :           :           :           :           :  CON :   NO  :                 
                  : P64      :  6, 4, 2 :   0.70000 :           :           :           :           :  CON :   NO  :                 
                  --------------------------------------------------------------------------------------------------
                  : P75      :  7, 5, 1 :   0.70000 :           :           :           :           :  CON :   NO  :                 
                  : P75      :  7, 5, 2 :   0.70000 :           :           :           :           :  CON :   NO  :                 
                  --------------------------------------------------------------------------------------------------


                                                     PRODUCTION WELL CONTROL DATA
                                                     ----------------------------

               -------------------------------------------------------------------------------------------------------
               :  WELL  :OPEN:CTRL:                        TARGET OR LIMITING                         :PRD:ARTIFICIAL:
               :  NAME  :SHUT:MODE: OIL RATE: WAT RATE: GAS RATE: LIQ RATE: RES V RT: B.H.P. : T.H.P. :VFP:   LIFT   :
               :        :    :    :  SM3/DAY:  SM3/DAY:  SM3/DAY:  SM3/DAY:  RM3/DAY:  BARSA :  BARSA :TAB:          :
               -------------------------------------------------------------------------------------------------------
               :P24     :OPEN:THP :         :         :         :         :         :   100.0:   100.0:  1:         0:
               :P26     :OPEN:THP :         :         :         :         :         :   100.0:   100.0:  1:         0:
               :P37     :OPEN:THP :         :         :         :         :         :   100.0:   100.0:  1:         0:
               :P45     :OPEN:THP :         :         :         :         :         :   100.0:   100.0:  1:         0:
               :P53     :OPEN:THP :         :         :         :         :         :   100.0:   100.0:  1:         0:
               :P64     :OPEN:THP :         :         :         :         :         :   100.0:   100.0:  1:         0:
               :P75     :OPEN:THP :         :         :         :         :         :   100.0:   100.0:  1:         0:
               -------------------------------------------------------------------------------------------------------


                                                  GROUP PRODUCTION CONTROL OF WELLS
                                                  ---------------------------------

                ----------------------------------------------------------------------------------------------------
                :   WELL   :AVAIL:  CONTROL BY GUIDE RATE ::     WELL PRIORITY ONE     :     WELL PRIORITY TWO     :
                :   NAME   :-ABLE:  GUIDE RATE  :G.R.MULT-::FROM: FIXED VALUE: PRIORITY:FROM: FIXED VALUE: PRIORITY:
                :          :  ?  :              : IPLIER  ::EQUN:            : MULITPLY:EQUN:            : MULTIPLY:
                ----------------------------------------------------------------------------------------------------
                : P24      : YES :              :         ::    :            :         :    :            :         :                                
                : P26      : YES :              :         ::    :            :         :    :            :         :                                
                : P37      : YES :              :         ::    :            :         :    :            :         :                                
                : P45      : YES :              :         ::    :            :         :    :            :         :                                
                : P53      : YES :              :         ::    :            :         :    :            :         :                                
                : P64      : YES :              :         ::    :            :         :    :            :         :                                
                : P75      : YES :              :         ::    :            :         :    :            :         :                                
                ----------------------------------------------------------------------------------------------------


                                           THP SWITCHING, RETUBING AND LIFT SWITCHING DATA
                                           -----------------------------------------------

        ---------------------------------------------------------------------------------------------------------------------
        :   WELL   :    MINIMUM     :  MAXIMUM  : SECONDARY :  MAXIMUM  : NEW :    NEW     :    NEW     :   ALQ   :   THP   :
        :   NAME   :   FLOW RATE    : WATER CUT :    THP    :    GLR    : VFP : ARTIFICIAL : EFFICIENCY :INCREMENT:DECREMENT:
        :          :     SM3/DAY    :           :   LIMIT   :  SM3/SM3  : TAB :    LIFT    :   FACTOR   :         :         :
        ---------------------------------------------------------------------------------------------------------------------
        : P24      :       500  OIL :           :           :           :     :  5.000E+01 :     0.5000 :         :         : 
        : P26      :       500  OIL :           :           :           :     :  5.000E+01 :     0.5000 :         :         : 
        : P37      :       500  OIL :           :           :           :     :  5.000E+01 :     0.5000 :         :         : 
        : P45      :       500  OIL :           :           :           :     :  5.000E+01 :     0.5000 :         :         : 
        : P53      :       500  OIL :           :           :           :     :  5.000E+01 :     0.5000 :         :         : 
        : P64      :       500  OIL :           :           :           :     :  5.000E+01 :     0.5000 :         :         : 
        : P75      :       500  OIL :           :           :           :     :  5.000E+01 :     0.5000 :         :         : 
        ---------------------------------------------------------------------------------------------------------------------


                                     WELL EFFICIENCY FACTORS, DRILLING DOWNTIME, AND TESTING DATA
                                     ------------------------------------------------------------

                            -----------------------------------------------------------------------------
                            :   WELL   :  CURRENT   :  DRILL : SHUT: CMPT:  TEST  : TEST:  MAX : STARTUP:
