


 $$$$$   $$$   $      $$$  $$$$    $$$   $$$$$     $    $$$    $$$ 
 $      $   $  $       $   $   $  $   $  $        $$   $   $  $   $
 $      $      $       $   $   $  $      $         $   $   $  $   $
 $$$$   $      $       $   $$$$    $$$   $$$$      $   $   $  $   $
 $      $      $       $   $          $  $         $   $   $  $   $
 $      $   $  $       $   $      $   $  $         $   $   $  $   $
 $$$$$   $$$   $$$$$  $$$  $       $$$   $$$$$    $$$   $$$    $$$ 



                       $$$$$   $$$   $      $$$  $$$$    $$$   $$$$$     $    $$$    $$$ 
                       $      $   $  $       $   $   $  $   $  $        $$   $   $  $   $
                       $      $      $       $   $   $  $      $         $   $   $  $   $
                       $$$$   $      $       $   $$$$    $$$   $$$$      $   $   $  $   $
                       $      $      $       $   $          $  $         $   $   $  $   $
                       $      $   $  $       $   $      $   $  $         $   $   $  $   $
                       $$$$$   $$$   $$$$$  $$$  $       $$$   $$$$$    $$$   $$$    $$$ 



                                             $$$$$   $$$   $      $$$  $$$$    $$$   $$$$$     $    $$$    $$$ 
                                             $      $   $  $       $   $   $  $   $  $        $$   $   $  $   $
                                             $      $      $       $   $   $  $      $         $   $   $  $   $
                                             $$$$   $      $       $   $$$$    $$$   $$$$      $   $   $  $   $
                                             $      $      $       $   $          $  $         $   $   $  $   $
                                             $      $   $  $       $   $      $   $  $         $   $   $  $   $
                                             $$$$$   $$$   $$$$$  $$$  $       $$$   $$$$$    $$$   $$$    $$$ 



                                                                   $$$$$   $$$   $      $$$  $$$$    $$$   $$$$$     $    $$$    $$$ 
                                                                   $      $   $  $       $   $   $  $   $  $        $$   $   $  $   $
                                                                   $      $      $       $   $   $  $      $         $   $   $  $   $
                                                                   $$$$   $      $       $   $$$$    $$$   $$$$      $   $   $  $   $
                                                                   $      $      $       $   $          $  $         $   $   $  $   $
                                                                   $      $   $  $       $   $      $   $  $         $   $   $  $   $
                                                                   $$$$$   $$$   $$$$$  $$$  $       $$$   $$$$$    $$$   $$$    $$$ 
 
 Version =  2009.1
 Arch    =  PC WINDOWS (32 bit)
Annex    | Modification date    | Update date          | baseline             
=====    | =================    | ===========          | ========             
ECLIPSE  | 27-APR-2009 16:22:47 | 27-APR-2009 19:37:10 | S:\2009.1_w18i
system   | 22-APR-2009 14:52:01 | 25-APR-2009 05:27:35 | S:\2009.1_w18
utility  | 17-FEB-2009 08:34:11 | 25-APR-2009 05:40:00 | S:\2009.1_w18
 

1

 ******** ECHO OF INPUT DATA FOR RUN XSECTION

 0: 
 0: -- Eclipse data file
 0: RUNSPEC
 0: TITLE
 0: XSECTION PROBLEM
 0: 
 0: DIMENS
 0:    20    1   10  /
 0: 
 0: NONNC
 0: 
 0: OIL
 0: 
 0: WATER
 0: 
 0: FIELD
 0: 
 0: EQLDIMS
 0:     1  100   20    1    1 /
 0: 
 0: WELLDIMS
 0:     3   10    1    3 /
 0: 
 0: START
 0:    1 'JAN' 1983  /
 0: 
 0: NSTACK
 0:    24 /
 0: 
 0: UNIFOUT
 0: 
 0: UNIFIN
 0: 
 0: GRID
 0: NOECHO

 ******** END OF INPUT DATA FOR RUN XSECTION
     1 READING RUNSPEC 
     2 READING TITLE   
     3 READING DIMENS  
     4 READING NONNC   
     5 READING OIL     
     6 READING WATER   
     7 READING FIELD   
     8 READING EQLDIMS 
     9 READING WELLDIMS
    10 READING START   
    11 READING NSTACK  
    12 READING UNIFOUT 
    13 READING UNIFIN  
    14 READING GRID    

 @--MESSAGE  AT TIME        0.0   DAYS    ( 1-JAN-1983):
 @           CHECKING FOR LICENSES                                           

 @--MESSAGE  AT TIME        0.0   DAYS    ( 1-JAN-1983):
 @           THE MEMORY REQUIRED TO PROCESS THE GRID SECTION IS              
 @                83984 BYTES                                                
    16 READING NOECHO  
    17 READING COORD   
    18 READING ZCORN   
    19 READING INIT    
    20 READING EQUALS  
    21 READING COPY    
    22 READING MULTIPLY
    23 READING PROPS   

 @--MESSAGE  AT TIME        0.0   DAYS    ( 1-JAN-1983):
 @           NEITHER OLDTRAN,OLDTRANR NOR NEWTRAN SPECIFIED                  
 @           TRANSMISSIBILITIES TO BE CALCULATED                             
 @           USING  NEWTRAN                                                  

 @--MESSAGE  AT TIME        0.0   DAYS    ( 1-JAN-1983):
 @           NO FAULT NON-NEIGHBOUR TRANSMISSIBILITIES                       
 @           AS NONNC IS SPECIFIED IN RUNSPEC.                               

 @--MESSAGE  AT TIME        0.0   DAYS    ( 1-JAN-1983):
 @           NUMBER OF ACTIVE CELLS IS 200                                   

 @--MESSAGE  AT TIME        0.0   DAYS    ( 1-JAN-1983):
 @           THE MEMORY REQUIRED TO PROCESS THE SOLUTION SECTION IS          
 @               414924 BYTES                                                

 @--MESSAGE  AT TIME        0.0   DAYS    ( 1-JAN-1983):
 @              58546 CHARACTER VARIABLES USED                               
    24 READING PVTW    
    25 READING ROCK    
    26 READING PVDO    
    27 READING GRAVITY 
    28 READING RSCONST 
    29 READING SWFN    
    30 READING SOF2    
    31 READING SOLUTION
    32 READING EQUIL   
    33 READING RPTSOL  
    34 READING SUMMARY 
1                             **********************************************************************   1
  EQUIL    AT     0.00   DAYS *XSECTION PROBLEM                                                        * ECLIPSE  VERSION 2009.1     
  REPORT   0     1 JAN 1983   *  RUN                                                                   * RUN AT 10:17 ON 13 AUG 2015 
                              **************************************************************************


                                                  ------------------
                                                  EQUILIBRATION DATA
                                                  ------------------

 REGION   DATUM     DATUM    WOC (OR GWC)   PCOW AT WOC     GOC       PCOG    RSVD  RVVD  NUMBER OF INTEGRATION
 NUMBER   DEPTH     PRESS       DEPTH      (PCGW AT GWC)   DEPTH     AT GOC   TABL  TABL  LEVELS PER HALF CELL
          FEET      PSIA        FEET           PSI         FEET       PSI      NO    NO

    1    7000.00   4000.00     7150.00             0                                       -5  (LEVEL BLOCK INTEGRATION)             
1                             **********************************************************************   2
  SWAT     AT     0.00   DAYS *XSECTION PROBLEM                                                        * ECLIPSE  VERSION 2009.1     
  REPORT   0     1 JAN 1983   *  RUN                                                                   * RUN AT 10:17 ON 13 AUG 2015 
                              **************************************************************************

 UNITS                 

 MINIMUM VALUE =  0.20000  AT (  1,  1, 10)     MAXIMUM VALUE =  1.00000  AT ( 20,  1,  6)                                           

 (I,  J,  K) I=  1       2       3       4       5       6       7       8       9      10      11      12      13      14      15

 (*,  1,  1)  0.20000 0.20000 0.20000 0.20000 0.20000 0.20000 0.20000 0.20000 0.20000 0.20000 0.20000 0.20000 0.20000 0.20000 0.20000
 (*,  1,  2)  0.20000 0.20000 0.20000 0.20000 0.20000 0.20000 0.20000 0.20000 0.20000 0.20000 0.20000 0.20000 0.20000 0.20000 0.20000
 (*,  1,  3)  0.20000 0.20000 0.20000 0.20000 0.20000 0.20000 0.20000 0.20000 0.20000 0.20000 0.20000 0.20000 0.20000 0.20000 0.20000
 (*,  1,  4)  0.20000 0.20000 0.20000 0.20000 0.20000 0.20000 0.20000 0.20000 0.20000 0.20000 0.20000 0.20000 0.20000 0.20000 0.20000
 (*,  1,  5)  0.20000 0.20000 0.20000 0.20000 0.20000 0.20000 0.20000 0.20000 0.20000 0.20000 0.20000 0.20000 0.20000 0.20000 0.20000
 (*,  1,  6)  0.20000 0.20000 0.20000 0.20000 0.20000 0.20000 0.20000 0.20000 0.20000 0.20000 0.20000 0.20000 0.20000 0.20000 0.20000
 (*,  1,  7)  0.20000 0.20000 0.20000 0.20000 0.20000 0.20000 0.20000 0.20000 0.20000 0.20000 0.20000 0.20000 0.20268 0.21555 0.25241
 (*,  1,  8)  0.20000 0.20000 0.20000 0.20000 0.20000 0.20000 0.20000 0.20000 0.20000 0.20000 0.20708 0.23453 0.29158 0.43083 0.69487
 (*,  1,  9)  0.20000 0.20000 0.20000 0.20000 0.20000 0.20000 0.20000 0.20000 0.20000 0.20353 0.25522 0.31777 0.44986 1.00000 1.00000
 (*,  1, 10)  0.20000 0.20000 0.20000 0.20000 0.20000 0.20000 0.20000 0.21008 0.23954 0.30136 0.46191 0.72361 0.92806 1.00000 1.00000

 (I,  J,  K) I= 16      17      18      19      20

 (*,  1,  1)  0.20000 0.20000 0.20000 0.20000 0.20000
 (*,  1,  2)  0.20000 0.20000 0.20000 0.20000 0.20000
 (*,  1,  3)  0.20000 0.20000 0.20000 0.20000 0.20531
 (*,  1,  4)  0.20000 0.20000 0.20000 0.20026 0.24450
 (*,  1,  5)  0.20187 0.21265 0.24276 0.30587 0.49639
 (*,  1,  6)  0.22305 0.27667 0.36058 0.56627 1.00000
 (*,  1,  7)  0.32635 0.53439 0.79482 1.00000 1.00000
 (*,  1,  8)  0.92164 1.00000 1.00000 1.00000 1.00000
 (*,  1,  9)  1.00000 1.00000 1.00000 1.00000 1.00000
 (*,  1, 10)  1.00000 1.00000 1.00000 1.00000 1.00000
1                             **********************************************************************   3
  BALANCE  AT     0.00   DAYS *XSECTION PROBLEM                                                        * ECLIPSE  VERSION 2009.1     
  REPORT   0     1 JAN 1983   *  RUN                                                                   * RUN AT 10:17 ON 13 AUG 2015 
                              **************************************************************************


                                                     ==================================================
                                                     :               FIELD TOTALS                     :
                                                     :         PAV =       4009.49  PSIA              :
                                                     :         PORV=     52897959.   RB               :
                                                     :(PRESSURE IS WEIGHTED BY HYDROCARBON PORE VOLUME:
                                                     : PORE VOLUMES ARE TAKEN AT REFERENCE CONDITIONS):
                           :--------------- OIL    STB  ---------------:-- WAT    STB  -:--------------- GAS   MSCF  ---------------:
                           :     LIQUID         VAPOUR         TOTAL   :       TOTAL    :       FREE      DISSOLVED         TOTAL   :
 :-------------------------:-------------------------------------------:----------------:-------------------------------------------:
 :CURRENTLY IN PLACE       :     29095508.                    29095508.:      16025025. :                   19086653.      19086653.:
 :-------------------------:-------------------------------------------:----------------:-------------------------------------------:
 :OUTFLOW THROUGH WELLS    :                                         0.:             0. :                                         0.:
 :WELL  MATERIAL BAL. ERROR:                                         0.:             0. :                                         0.:
 :FIELD MATERIAL BAL. ERROR:                                         0.:             0. :                                         0.:
 :-------------------------:-------------------------------------------:----------------:-------------------------------------------:
 :ORIGINALLY IN PLACE      :     29095508.                    29095508.:      16025025. :                   19086653.      19086653.:
 ====================================================================================================================================


                                             ===========================================
                                             : FIPNUM REGION AVERAGED GRID QUANTITIES  :
                                             :        ( WEIGHTED BY PORE VOLUMES       :
                                             :          AT REFERENCE CONDITIONS )      :
 :----------:--------------:--------------:--------------:--------------:--------------:                                             
 :  REGION  :     PERMX    :     PERMY    :     PERMZ    :      PORO    :      DZ      :                                             
 :----------:--------------:--------------:--------------:--------------:--------------:                                             
 :   FIELD  :    192.576   :              :     38.515   :    0.25000   :      25.84   :                                             
 =======================================================================================


                                                     ===================================
                                                     :  FIPNUM OIL RECOVERY FACTORS    :
 :---------:-----------------------------:---------------------------------------------:--------------------------------------------:
 :         :                             : RATIO OF       RATIO OF       RATIO OF      : RATIO OF       RATIO OF       RATIO OF     :
 : REGION  : MOBILE OIIP    MOBILE OIIP  : DISPLACED OIL  DISPLACED OIL  DISPLACED OIL : WELL FLOW      WELL FLOW      WELL FLOW    :
 :         : (W.R.T WATER)  (W.R.T GAS)  : TO INITIAL     TO INITIAL     TO INITIAL    : TO INITIAL     TO INITIAL     TO INITIAL   :
 :         :                             : OIP            MOBILE OIL     MOBILE OIL    : OIP            MOBILE OIL     MOBILE OIL   :
 :         :                             :                (WATER)        (GAS)         :                (WATER)        (GAS)        :
 :---------:-----------------------------:---------------------------------------------:--------------------------------------------:
 :   FIELD :    1.780E+07                :         0              0                    :         0              0                   :
 ====================================================================================================================================
    35 READING FOPR    
    36 READING WOPR    
    37 READING FWCT    
    38 READING WWCT    
    39 READING WBHP    
    40 READING FWIR    
    41 READING FVPR    
    42 READING FVIR    
    43 READING RUNSUM  
    44 READING SCHEDULE
    45 READING RPTSCHED
    46 READING WELSPECS
    47 READING COMPDAT 
    48 READING WCONPROD
    49 READING WCONINJE
    50 READING GCONPROD
    51 READING GCONINJE

 @--MESSAGE  AT TIME        0.0   DAYS    ( 1-JAN-1983):
 @           THE TOP-UP PHASE IS SET TO WATER AS                             
 @           GROUP g        HAS A TARGET OR LIMIT RESERVOIR                  
 @           VOLUME RATE OR VOIDAGE REPLACEMENT FRACTION                     
 @           FOR WATER INJECTION CONTROL                                     
    52 READING GECON   
    53 READING WECON   
    54 READING TSTEP   
1                             **********************************************************************   4
  WELSPECS AT     0.00   DAYS *XSECTION PROBLEM                                                        * ECLIPSE  VERSION 2009.1     
  REPORT   0     1 JAN 1983   *  RUN                                                                   * RUN AT 10:17 ON 13 AUG 2015 
                              **************************************************************************


                                                       WELL SPECIFICATION DATA
                                                       -----------------------

      -------------------------------------------------------------------------------------------------------------------------
      :   WELL   :   GROUP  : WELLHEAD :  B.H.REF : PREF- : DRAINAGE : GAS  : SHUT-IN : CROSS : PVT : WELL : FIP :    WELL    :
      :   NAME   :   NAME   : LOCATION :   DEPTH  : ERRED :  RADIUS  : INFL : INSTRCT : FLOW  : TAB : DENS : REG :  D-FACTOR  :
      :          :          : ( I, J ) :   FEET   : PHASE :   FEET   : EQUN :         : ABLTY :     : CALC :     :  DAY/MSCF  :
      -------------------------------------------------------------------------------------------------------------------------
      : P1       : G        :   1,   1 :   6871.0 :  OIL  : CALC POT : STD  :   SHUT  :  YES  :  1  :  SEG :  0  :          0 :
      : P11      : G        :  11,   1 :   6971.0 :  OIL  : CALC POT : STD  :   SHUT  :  YES  :  1  :  SEG :  0  :          0 :
      : I20      : G        :  20,   1 :   7061.0 :  WAT  : CALC POT : STD  :   SHUT  :  YES  :  1  :  SEG :  0  :          0 :
      -------------------------------------------------------------------------------------------------------------------------


                                                         WELL CONNECTION DATA
                                                         --------------------

  ----------------------------------------------------------------------------------------------------------------------------------
  :  WELL   :    GRID    : CMPL:  CENTRE : OPEN: SAT :CONNECTION:  INT   :  K  H   :  SKIN  : CONNECTION : SATURATION SCALING DATA :
  :  NAME   :    BLOCK   :  NO :  DEPTH  : SHUT: TAB :  FACTOR* :  DIAM  :  VALUE  : FACTOR :  D-FACTOR  : SWMIN SWMAX SGMIN SGMAX :
  :         :            :     :   FEET  :     :     : CPB/D/PS :  FEET  :  MD-FEET:        :  DAY/MSCF  :                         :
  ----------------------------------------------------------------------------------------------------------------------------------
  : P1      :   1,  1,  1:   1 :   6871.0: OPEN:  0  :     0.364:  0.5830:    320.0:       0:           0:                         : 
  : P1      :   1,  1,  2:   2 :   6898.0: OPEN:  0  :     0.125:  0.5830:    110.0:       0:           0:                         : 
  : P1      :   1,  1,  3:   3 :   6919.0: OPEN:  0  :     2.278:  0.5830:   2000.0:       0:           0:                         : 
  : P1      :   1,  1,  4:   4 :   6931.0: OPEN:  0  :     9.111:  0.5830:   8000.0:       0:           0:                         : 
  : P1      :   1,  1,  5:   5 :   6949.0: OPEN:  0  :     7.289:  0.5830:   6400.0:       0:           0:                         : 
  : P1      :   1,  1,  6:   6 :   6967.0: OPEN:  0  :     9.111:  0.5830:   8000.0:       0:           0:                         : 
  : P1      :   1,  1,  7:   7 :   6982.0: OPEN:  0  :     2.961:  0.5830:   2600.0:       0:           0:                         : 
  : P1      :   1,  1,  8:   8 :   7008.0: OPEN:  0  :     1.481:  0.5830:   1300.0:       0:           0:                         : 
  : P1      :   1,  1,  9:   9 :   7023.0: OPEN:  0  :     9.111:  0.5830:   8000.0:       0:           0:                         : 
  : P1      :   1,  1, 10:  10 :   7039.0: OPEN:  0  :     1.594:  0.5830:   1400.0:       0:           0:                         : 
  ----------------------------------------------------------------------------------------------------------------------------------
  : P11     :  11,  1,  1:   1 :   6971.0: OPEN:  0  :     0.364:  0.5830:    320.0:       0:           0:                         : 
  : P11     :  11,  1,  2:   2 :   6998.0: OPEN:  0  :     0.125:  0.5830:    110.0:       0:           0:                         : 
  : P11     :  11,  1,  3:   3 :   7019.0: OPEN:  0  :     2.278:  0.5830:   2000.0:       0:           0:                         : 
  : P11     :  11,  1,  4:   4 :   7031.0: OPEN:  0  :     9.111:  0.5830:   8000.0:       0:           0:                         : 
  : P11     :  11,  1,  5:   5 :   7049.0: OPEN:  0  :     7.289:  0.5830:   6400.0:       0:           0:                         : 
  : P11     :  11,  1,  6:   6 :   7067.0: OPEN:  0  :     9.111:  0.5830:   8000.0:       0:           0:                         : 
  : P11     :  11,  1,  7:   7 :   7082.0: OPEN:  0  :     2.961:  0.5830:   2600.0:       0:           0:                         : 
  : P11     :  11,  1,  8:   8 :   7108.0: OPEN:  0  :     1.481:  0.5830:   1300.0:       0:           0:                         : 
  : P11     :  11,  1,  9:   9 :   7123.0: OPEN:  0  :     9.111:  0.5830:   8000.0:       0:           0:                         : 
  : P11     :  11,  1, 10:  10 :   7139.0: OPEN:  0  :     1.594:  0.5830:   1400.0:       0:           0:                         : 
  ----------------------------------------------------------------------------------------------------------------------------------
  : I20     :  20,  1,  1:   1 :   7061.0: OPEN:  0  :     0.364:  0.5830:    320.0:       0:           0:                         : 
  : I20     :  20,  1,  2:   2 :   7088.0: OPEN:  0  :     0.125:  0.5830:    110.0:       0:           0:                         : 
  : I20     :  20,  1,  3:   3 :   7109.0: OPEN:  0  :     2.278:  0.5830:   2000.0:       0:           0:                         : 
  : I20     :  20,  1,  4:   4 :   7121.0: OPEN:  0  :     9.111:  0.5830:   8000.0:       0:           0:                         : 
  : I20     :  20,  1,  5:   5 :   7139.0: OPEN:  0  :     7.289:  0.5830:   6400.0:       0:           0:                         : 
  : I20     :  20,  1,  6:   6 :   7157.0: OPEN:  0  :     9.111:  0.5830:   8000.0:       0:           0:                         : 
  : I20     :  20,  1,  7:   7 :   7172.0: OPEN:  0  :     2.961:  0.5830:   2600.0:       0:           0:                         : 
  : I20     :  20,  1,  8:   8 :   7198.0: OPEN:  0  :     1.481:  0.5830:   1300.0:       0:           0:                         : 
  : I20     :  20,  1,  9:   9 :   7213.0: OPEN:  0  :     9.111:  0.5830:   8000.0:       0:           0:                         : 
  : I20     :  20,  1, 10:  10 :   7229.0: OPEN:  0  :     1.594:  0.5830:   1400.0:       0:           0:                         : 
  ----------------------------------------------------------------------------------------------------------------------------------
  * CONNECTION FACTORS IN THE ABOVE TABLE DO NOT INCLUDE MODIFIERS FOR ROCK COMPACTION, SCALE DAMAGE AND PI MULTIPLIER TABLES.
    SEE SUMMARY OUTPUT FOR MODIFIED CONNECTION FACTORS.


                                                     PRODUCTION WELL CONTROL DATA
                                                     ----------------------------

               -------------------------------------------------------------------------------------------------------
               :  WELL  :OPEN:CTRL:                        TARGET OR LIMITING                         :PRD:ARTIFICIAL:
               :  NAME  :SHUT:MODE: OIL RATE: WAT RATE: GAS RATE: LIQ RATE: RES V RT: B.H.P. : T.H.P. :VFP:   LIFT   :
               :        :    :    :  STB/DAY:  STB/DAY: MSCF/DAY:  STB/DAY:  RB/DAY :  PSIA  :  PSIA  :TAB:          :
               -------------------------------------------------------------------------------------------------------
               :P1      :OPEN:GRUP:     6000:         :         :         :         :  2500.0:        :   :          :
               :P11     :OPEN:GRUP:     6000:         :         :         :         :  2500.0:        :   :          :
               -------------------------------------------------------------------------------------------------------


                                                  GROUP PRODUCTION CONTROL OF WELLS
                                                  ---------------------------------

                ----------------------------------------------------------------------------------------------------
                :   WELL   :AVAIL:  CONTROL BY GUIDE RATE ::     WELL PRIORITY ONE     :     WELL PRIORITY TWO     :
                :   NAME   :-ABLE:  GUIDE RATE  :G.R.MULT-::FROM: FIXED VALUE: PRIORITY:FROM: FIXED VALUE: PRIORITY:
                :          :  ?  :              : IPLIER  ::EQUN:            : MULITPLY:EQUN:            : MULTIPLY:
                ----------------------------------------------------------------------------------------------------
                : P1       : YES :              :         ::    :            :         :    :            :         :                                
                : P11      : YES :              :         ::    :            :         :    :            :         :                                
                ----------------------------------------------------------------------------------------------------


                                                     INJECTION WELL CONTROL DATA
                                                     ---------------------------

 -----------------------------------------------------------------------------------------------------------------------------------
 :   WELL   : WELL : OPEN : CTRL :           TARGET  OR  MAXIMUM           : INJ :  INJECTED   :    GROUP CONTROL    :MINIMUM : MIN:
 :   NAME   : TYPE : SHUT : MODE : SURF RATE: RESV RATE:  B.H.P. :  T.H.P. : VFP : GOR OR OGR  : AVAIL:  GUIDE RATE  :ECONOMIC:RATE:
 :          :      :      :      :  STB/DAY :  RB/DAY  :   PSIA  :   PSIA  : TAB : GOR-MSCF/STB: -ABLE:              :  RATE  : IS :
 :          :      :      :      : MSCF/DAY :          :         :         :     : OGR-STB/MSCF:      :              :        :    :
 -----------------------------------------------------------------------------------------------------------------------------------
 : I20      :  WAT : OPEN : GRUP :    10000 :          :  4500.0 :         :     :           0 :  YES :              :        :    : 
 -----------------------------------------------------------------------------------------------------------------------------------


                                                 ECONOMIC LIMITS FOR PRODUCTION WELLS
                                                 ------------------------------------

------------------------------------------------------------------------------------------------------------------------------------
:   WELL   :  MIN OIL  :  MIN GAS  :    MAX    :    MAX    :    MAX    :    MAX    :WORK:END :NEXT WELL:MIN : WORKOVER :  LIQUID   :
:   NAME   : PROD RATE : PROD RATE : WATER CUT :   G.O.R.  :   G.L.R.  :   W.G.R.  :OVER:RUN : TO OPEN :RATE:IF DIES ON: PROD RATE :
:          :   STB/DAY :  MSCF/DAY :           :  MSCF/STB :  MSCF/STB :  STB/MSCF :PROC:FLAG:WHEN SHUT: IS : THP CTL  :   STB/DAY :
------------------------------------------------------------------------------------------------------------------------------------
: P1       :      1000 :         0 :  0.50000  :           :           :           :+CON: NO :         :RATE:          :         0 :
: P11      :      1000 :         0 :  0.50000  :           :           :           :+CON: NO :         :RATE:          :         0 :
------------------------------------------------------------------------------------------------------------------------------------


                                                 GROUP/FIELD PRODUCTION CONTROL DATA
                                                 -----------------------------------

------------------------------------------------------------------------------------------------------------------------------------
:  GROUP :RATE: TARG/MAX  ACT-: TARG/MAX  ACT-: TARG/MAX  ACT-: TARG/MAX  ACT-: TARG/MAX : TARG/MAX :     FIELD CONTROL      :GROUP:
:  NAME  :CTRL: OIL RATE  ION : WAT RATE  ION : GAS RATE  ION : LIQ RATE  ION : RESV RATE: PRBL FRAC: AVAIL :   GUIDE RATE   :EFF. :
:        :    :  STB/DAY      :  STB/DAY      : MSCF/DAY      :  STB/DAY      :  RB/DAY  :          : -ABLE :                :FACT.:
------------------------------------------------------------------------------------------------------------------------------------
:G       :ORAT:     8000 RATE :               :               :               :          :          :  YES  :                :1.000:
------------------------------------------------------------------------------------------------------------------------------------


                                                GROUP/FIELD INJECTION CONTROL DATA
                                                ----------------------------------

          ------------------------------------------------------------------------------------------------------------------
          :   GROUP  :  INJ  : RATE :           TARGET OR MAXIMUM           :     FIELD CONTROL      :  TARGET  :  TARGET  :
          :   NAME   : PHASE : CTRL : SURF RATE: RESV RATE: RE-INJ :  V-REP : AVAIL :   GUIDE RATE   :   GROUP  :   GROUP  :
          :          :       :      :  STB/DAY :  RB/DAY  :  FRAC  :  FRAC  : -ABLE :                :  RE-INJ  :   V-REP  :
          :          :       :      : MSCF/DAY :          :        :        :       :                :   FRAC   :   FRAC   :
          ------------------------------------------------------------------------------------------------------------------
          : G        :  WAT  : VREP :          :           :       : 1.0000 :  YES  :                : G        : G        :         
          ------------------------------------------------------------------------------------------------------------------


                                             GROUP/FIELD ECONOMIC LIMITS AND RIG NUMBERS
                                             -------------------------------------------

   ---------------------------------------------------------------------------------------------------------------------------------
   :  GROUP   :  MIN OIL :  MIN GAS :    MAX   :    MAX   :    MAX   : ACT- : END : MAX :   WORKOVER    :   DRILLING    :  MIN DCQ :
   :   NAME   : PROD RATE: PROD RATE: WATER CUT:   G.O.R. :   W.G.R. : ION  : RUN : NUM :  RIG NUMBERS  :  RIG NUMBERS  :          :
   :          :  STB/DAY :  MSCF/DAY:          :  MSCF/STB:  STB/MSCF:      : FLAG:WELLS:               :               : MSCF/DAY :
   ---------------------------------------------------------------------------------------------------------------------------------
   : G        :      1200:         0:          :          :          :      : YES :     :               :               :          :
   ---------------------------------------------------------------------------------------------------------------------------------

 @--MESSAGE  AT TIME        0.0   DAYS    ( 1-JAN-1983):
 @           RESTART FILE WRITTEN   REPORT     0                             
 @           RESTART INCLUDES FLUIDS IN PLACE                                
1                             **********************************************************************   5
  SIMULATE AT     0.00   DAYS *XSECTION PROBLEM                                                        * ECLIPSE  VERSION 2009.1     
  REPORT   0     1 JAN 1983   *  RUN                                                                   * RUN AT 10:17 ON 13 AUG 2015 
                              **************************************************************************

 IT= 0   CNV      CELL     MAT BAL   DPRESS    DSWAT                                       
